2019-09-05 10:45:47,941 -  testcases.test_invest - DEBUG - å‡†å¤‡æµ‹è¯•å‰ç½® - [test_invest.py:25 ]
2019-09-05 10:45:48,127 -  testcases.test_invest - DEBUG - å¼€å§‹æµ‹è¯•:ç®¡ç†å‘˜æ­£å¸¸ç™»å½• - [test_invest.py:31 ]
2019-09-05 10:45:48,232 -  testcases.test_invest - DEBUG - å¼€å§‹æµ‹è¯•:ç®¡ç†å‘˜åŠ æ ‡ - [test_invest.py:31 ]
2019-09-05 10:45:48,237 -  common.http_request - DEBUG - è¯·æ±‚çš„æ–¹æ³•:GET - [http_request.py:56 ]
2019-09-05 10:45:48,237 -  common.http_request - DEBUG - è¯·æ±‚çš„URL:http://test.lemonban.com/futureloan/mvc/api/loan/add - [http_request.py:57 ]
2019-09-05 10:45:48,237 -  common.http_request - DEBUG - è¯·æ±‚data:{'repaymemtWay': 11, 'amount': 20000, 'loanTerm': 3, 'biddingDays': 5, 'memberId': '1197', 'loanDateType': 0, 'title': 'ä¸–ç•Œè¿™ä¹ˆå¤§ï¼Œæƒ³å»çœ‹ä¸€çœ‹', 'loanRate': '12.0'} - [http_request.py:58 ]
2019-09-05 10:45:48,550 -  testcases.test_invest - ERROR - æŠ¥é”™äº†:'10001' != None - [test_invest.py:60 ]
2019-09-05 10:45:48,555 -  testcases.test_invest - DEBUG - å¼€å§‹æµ‹è¯•:ç®¡ç†å‘˜å®¡æ ¸ - [test_invest.py:31 ]
2019-09-05 10:45:48,569 -  testcases.test_invest - DEBUG - å¼€å§‹æµ‹è¯•:æŠ•èµ„äººæ­£å¸¸ç™»å½• - [test_invest.py:31 ]
2019-09-05 10:45:48,577 -  common.http_request - DEBUG - è¯·æ±‚çš„æ–¹æ³•:GET - [http_request.py:56 ]
2019-09-05 10:45:48,577 -  common.http_request - DEBUG - è¯·æ±‚çš„URL:http://test.lemonban.com/futureloan/mvc/api/member/login - [http_request.py:57 ]
2019-09-05 10:45:48,577 -  common.http_request - DEBUG - è¯·æ±‚data:{'mobilephone': '15810447878', 'pwd': '123456'} - [http_request.py:58 ]
2019-09-05 10:45:48,744 -  testcases.test_invest - DEBUG - ç»“æŸæµ‹è¯•:æŠ•èµ„äººæ­£å¸¸ç™»å½• - [test_invest.py:64 ]
2019-09-05 10:45:48,744 -  testcases.test_invest - DEBUG - å¼€å§‹æµ‹è¯•:æŠ•èµ„äººæ­£å¸¸æŠ•èµ„ - [test_invest.py:31 ]
2019-09-05 10:45:48,748 -  testcases.test_invest - DEBUG - å¼€å§‹æµ‹è¯•:æŠ•èµ„äººæŠ•èµ„ä¸è¾“å…¥é‡‘é¢ - [test_invest.py:31 ]
2019-09-05 10:45:48,748 -  testcases.test_invest - DEBUG - å¼€å§‹æµ‹è¯•:æŠ•èµ„äººæŠ•èµ„è¾“å…¥è´Ÿæ•° - [test_invest.py:31 ]
2019-09-05 10:45:48,753 -  testcases.test_invest - DEBUG - æµ‹è¯•åç½®å¤„ç† - [test_invest.py:68 ]
2019-09-05 10:45:48,754 -  testcases.test_login - DEBUG - å‡†å¤‡æµ‹è¯•å‰ç½® - [test_login.py:22 ]
2019-09-05 10:45:48,754 -  testcases.test_login - DEBUG - å¼€å§‹æµ‹è¯•:æ­£å¸¸ç™»å½• - [test_login.py:28 ]
2019-09-05 10:45:48,755 -  common.http_request - DEBUG - è¯·æ±‚çš„æ–¹æ³•:GET - [http_request.py:56 ]
2019-09-05 10:45:48,755 -  common.http_request - DEBUG - è¯·æ±‚çš„URL:http://test.lemonban.com/futureloan/mvc/api/member/login - [http_request.py:57 ]
2019-09-05 10:45:48,755 -  common.http_request - DEBUG - è¯·æ±‚data:{'mobilephone': '15810447878', 'pwd': '123456'} - [http_request.py:58 ]
2019-09-05 10:45:48,934 -  testcases.test_login - DEBUG - ç»“æŸæµ‹è¯•:æ­£å¸¸ç™»å½• - [test_login.py:41 ]
2019-09-05 10:45:48,935 -  testcases.test_login - DEBUG - å¼€å§‹æµ‹è¯•:è¾“å…¥é”™è¯¯çš„å¯†ç  - [test_login.py:28 ]
2019-09-05 10:45:48,935 -  common.http_request - DEBUG - è¯·æ±‚çš„æ–¹æ³•:POST - [http_request.py:56 ]
2019-09-05 10:45:48,935 -  common.http_request - DEBUG - è¯·æ±‚çš„URL:http://test.lemonban.com/futureloan/mvc/api/member/login - [http_request.py:57 ]
2019-09-05 10:45:48,935 -  common.http_request - DEBUG - è¯·æ±‚data:{'mobilephone': '15810447878', 'pwd': '098786'} - [http_request.py:58 ]
2019-09-05 10:45:49,212 -  testcases.test_login - DEBUG - ç»“æŸæµ‹è¯•:è¾“å…¥é”™è¯¯çš„å¯†ç  - [test_login.py:41 ]
2019-09-05 10:45:49,213 -  testcases.test_login - DEBUG - å¼€å§‹æµ‹è¯•:ä¸è¾“å…¥å¯†ç  - [test_login.py:28 ]
2019-09-05 10:45:49,216 -  common.http_request - DEBUG - è¯·æ±‚çš„æ–¹æ³•:GET - [http_request.py:56 ]
2019-09-05 10:45:49,216 -  common.http_request - DEBUG - è¯·æ±‚çš„URL:http://test.lemonban.com/futureloan/mvc/api/member/login - [http_request.py:57 ]
2019-09-05 10:45:49,216 -  common.http_request - DEBUG - è¯·æ±‚data:{'mobilephone': '15810447878', 'pwd': ''} - [http_request.py:58 ]
2019-09-05 10:45:49,401 -  testcases.test_login - DEBUG - ç»“æŸæµ‹è¯•:ä¸è¾“å…¥å¯†ç  - [test_login.py:41 ]
2019-09-05 10:45:49,401 -  testcases.test_login - DEBUG - å¼€å§‹æµ‹è¯•:ä¸è¾“å…¥æ‰‹æœºå·ç  - [test_login.py:28 ]
2019-09-05 10:45:49,406 -  common.http_request - DEBUG - è¯·æ±‚çš„æ–¹æ³•:POST - [http_request.py:56 ]
2019-09-05 10:45:49,406 -  common.http_request - DEBUG - è¯·æ±‚çš„URL:http://test.lemonban.com/futureloan/mvc/api/member/login - [http_request.py:57 ]
2019-09-05 10:45:49,406 -  common.http_request - DEBUG - è¯·æ±‚data:{'mobilephone': '', 'pwd': '123456'} - [http_request.py:58 ]
2019-09-05 10:45:49,575 -  testcases.test_login - DEBUG - ç»“æŸæµ‹è¯•:ä¸è¾“å…¥æ‰‹æœºå·ç  - [test_login.py:41 ]
2019-09-05 10:45:49,576 -  testcases.test_login - DEBUG - æµ‹è¯•åç½®å¤„ç† - [test_login.py:46 ]
2019-09-05 10:45:49,577 -  testcases.test_register - DEBUG - å‡†å¤‡æµ‹è¯•å‰ç½® - [test_register.py:24 ]
2019-09-05 10:45:49,578 -  testcases.test_register - DEBUG - å¼€å§‹æµ‹è¯•:æ³¨å†ŒæˆåŠŸ - [test_register.py:29 ]
2019-09-05 10:45:49,689 -  common.http_request - DEBUG - è¯·æ±‚çš„æ–¹æ³•:POST - [http_request.py:56 ]
2019-09-05 10:45:49,689 -  common.http_request - DEBUG - è¯·æ±‚çš„URL:http://test.lemonban.com/futureloan/mvc/api/member/register - [http_request.py:57 ]
2019-09-05 10:45:49,689 -  common.http_request - DEBUG - è¯·æ±‚data:{'mobilephone': '19000000000', 'pwd': '123456'} - [http_request.py:58 ]
2019-09-05 10:45:49,895 -  testcases.test_register - ERROR - [0;31mæŠ¥é”™äº†:'{"status":1,"code":"10001","data":null,"msg":"æ³¨å†ŒæˆåŠŸ"}' != '{"status":0,"code":"20109","data":null,"msg":"æ‰‹æœºå·ç æ ¼å¼ä¸æ­£ç¡®"}'
- {"status":1,"code":"10001","data":null,"msg":"æ³¨å†ŒæˆåŠŸ"}
?           ^           ^^^                     ^^^^
+ {"status":0,"code":"20109","data":null,"msg":"æ‰‹æœºå·ç æ ¼å¼ä¸æ­£ç¡®"}
?           ^         ++  ^                     ^^^^^^^^^
[0m - [test_register.py:49 ]
2019-09-05 10:45:49,896 -  testcases.test_register - DEBUG - å¼€å§‹æµ‹è¯•:å¯†ç ä¸ºç©ºï¼Œæ³¨å†Œå¤±è´¥ - [test_register.py:29 ]
2019-09-05 10:45:49,896 -  common.http_request - DEBUG - è¯·æ±‚çš„æ–¹æ³•:POST - [http_request.py:56 ]
2019-09-05 10:45:49,896 -  common.http_request - DEBUG - è¯·æ±‚çš„URL:http://test.lemonban.com/futureloan/mvc/api/member/register - [http_request.py:57 ]
2019-09-05 10:45:49,896 -  common.http_request - DEBUG - è¯·æ±‚data:{'mobilephone': '15810447879', 'pwd': ''} - [http_request.py:58 ]
2019-09-05 10:45:50,056 -  testcases.test_register - DEBUG - ç»“æŸæµ‹è¯•:å¯†ç ä¸ºç©ºï¼Œæ³¨å†Œå¤±è´¥ - [test_register.py:52 ]
2019-09-05 10:45:50,056 -  testcases.test_register - DEBUG - å¼€å§‹æµ‹è¯•:æ‰‹æœºå·ç ä¸ºç©ºï¼Œæ³¨å†Œå¤±è´¥ - [test_register.py:29 ]
2019-09-05 10:45:50,057 -  common.http_request - DEBUG - è¯·æ±‚çš„æ–¹æ³•:POST - [http_request.py:56 ]
2019-09-05 10:45:50,058 -  common.http_request - DEBUG - è¯·æ±‚çš„URL:http://test.lemonban.com/futureloan/mvc/api/member/register - [http_request.py:57 ]
2019-09-05 10:45:50,058 -  common.http_request - DEBUG - è¯·æ±‚data:{'mobilephone': '', 'pwd': '123458'} - [http_request.py:58 ]
2019-09-05 10:45:50,264 -  testcases.test_register - DEBUG - ç»“æŸæµ‹è¯•:æ‰‹æœºå·ç ä¸ºç©ºï¼Œæ³¨å†Œå¤±è´¥ - [test_register.py:52 ]
2019-09-05 10:45:50,265 -  testcases.test_register - DEBUG - å¼€å§‹æµ‹è¯•:é‡å¤æ³¨å†Œ - [test_register.py:29 ]
2019-09-05 10:45:50,266 -  common.http_request - DEBUG - è¯·æ±‚çš„æ–¹æ³•:POST - [http_request.py:56 ]
2019-09-05 10:45:50,266 -  common.http_request - DEBUG - è¯·æ±‚çš„URL:http://test.lemonban.com/futureloan/mvc/api/member/register - [http_request.py:57 ]
2019-09-05 10:45:50,266 -  common.http_request - DEBUG - è¯·æ±‚data:{'mobilephone': '15810447878', 'pwd': '123459'} - [http_request.py:58 ]
2019-09-05 10:45:50,463 -  testcases.test_register - DEBUG - ç»“æŸæµ‹è¯•:é‡å¤æ³¨å†Œ - [test_register.py:52 ]
2019-09-05 10:45:50,463 -  testcases.test_register - DEBUG - æµ‹è¯•åç½®å¤„ç† - [test_register.py:56 ]
2019-09-05 10:45:50,465 -  testcases.test_recharge - DEBUG - å‡†å¤‡æµ‹è¯•å‰ç½® - [test_recharge.py:22 ]
2019-09-05 10:45:50,465 -  testcases.test_recharge - DEBUG - å¼€å§‹æµ‹è¯•:æ­£å¸¸ç™»é™† - [test_recharge.py:27 ]
2019-09-05 10:45:50,466 -  common.http_request - DEBUG - è¯·æ±‚çš„æ–¹æ³•:POST - [http_request.py:56 ]
2019-09-05 10:45:50,466 -  common.http_request - DEBUG - è¯·æ±‚çš„URL:http://test.lemonban.com/futureloan/mvc/api/member/login - [http_request.py:57 ]
2019-09-05 10:45:50,466 -  common.http_request - DEBUG - è¯·æ±‚data:{'mobilephone': '15810447878', 'pwd': '123456'} - [http_request.py:58 ]
2019-09-05 10:45:50,637 -  testcases.test_recharge - DEBUG - ç»“æŸæµ‹è¯•:æ­£å¸¸ç™»é™† - [test_recharge.py:40 ]
2019-09-05 10:45:50,637 -  testcases.test_recharge - DEBUG - å¼€å§‹æµ‹è¯•:æ­£å¸¸å……å€¼ - [test_recharge.py:27 ]
2019-09-05 10:45:50,641 -  common.http_request - DEBUG - è¯·æ±‚çš„æ–¹æ³•:POST - [http_request.py:56 ]
2019-09-05 10:45:50,641 -  common.http_request - DEBUG - è¯·æ±‚çš„URL:http://test.lemonban.com/futureloan/mvc/api/member/recharge - [http_request.py:57 ]
2019-09-05 10:45:50,641 -  common.http_request - DEBUG - è¯·æ±‚data:{'mobilephone': '15810447878', 'amount': '100'} - [http_request.py:58 ]
2019-09-05 10:45:50,963 -  testcases.test_recharge - DEBUG - ç»“æŸæµ‹è¯•:æ­£å¸¸å……å€¼ - [test_recharge.py:40 ]
2019-09-05 10:45:50,964 -  testcases.test_recharge - DEBUG - å¼€å§‹æµ‹è¯•:å……å€¼æ‰‹æœºå·ç ä¸å­˜åœ¨ - [test_recharge.py:27 ]
2019-09-05 10:45:50,966 -  common.http_request - DEBUG - è¯·æ±‚çš„æ–¹æ³•:POST - [http_request.py:56 ]
2019-09-05 10:45:50,966 -  common.http_request - DEBUG - è¯·æ±‚çš„URL:http://test.lemonban.com/futureloan/mvc/api/member/recharge - [http_request.py:57 ]
2019-09-05 10:45:50,966 -  common.http_request - DEBUG - è¯·æ±‚data:{'mobilephone': '12345677889', 'amount': '101'} - [http_request.py:58 ]
2019-09-05 10:45:51,161 -  testcases.test_recharge - DEBUG - ç»“æŸæµ‹è¯•:å……å€¼æ‰‹æœºå·ç ä¸å­˜åœ¨ - [test_recharge.py:40 ]
2019-09-05 10:45:51,163 -  testcases.test_recharge - DEBUG - å¼€å§‹æµ‹è¯•:å……å€¼é‡‘é¢å°æ•°ç‚¹å¤§äºä¸¤ä½ - [test_recharge.py:27 ]
2019-09-05 10:45:51,164 -  common.http_request - DEBUG - è¯·æ±‚çš„æ–¹æ³•:POST - [http_request.py:56 ]
2019-09-05 10:45:51,167 -  common.http_request - DEBUG - è¯·æ±‚çš„URL:http://test.lemonban.com/futureloan/mvc/api/member/recharge - [http_request.py:57 ]
2019-09-05 10:45:51,168 -  common.http_request - DEBUG - è¯·æ±‚data:{'mobilephone': '15810447878', 'amount': '102.223'} - [http_request.py:58 ]
2019-09-05 10:45:51,459 -  testcases.test_recharge - DEBUG - ç»“æŸæµ‹è¯•:å……å€¼é‡‘é¢å°æ•°ç‚¹å¤§äºä¸¤ä½ - [test_recharge.py:40 ]
2019-09-05 10:45:51,460 -  testcases.test_recharge - DEBUG - å¼€å§‹æµ‹è¯•:è¾“å…¥è´Ÿæ•° - [test_recharge.py:27 ]
2019-09-05 10:45:51,460 -  common.http_request - DEBUG - è¯·æ±‚çš„æ–¹æ³•:POST - [http_request.py:56 ]
2019-09-05 10:45:51,464 -  common.http_request - DEBUG - è¯·æ±‚çš„URL:http://test.lemonban.com/futureloan/mvc/api/member/recharge - [http_request.py:57 ]
2019-09-05 10:45:51,464 -  common.http_request - DEBUG - è¯·æ±‚data:{'mobilephone': '15810447878', 'amount': '-103'} - [http_request.py:58 ]
2019-09-05 10:45:51,641 -  testcases.test_recharge - DEBUG - ç»“æŸæµ‹è¯•:è¾“å…¥è´Ÿæ•° - [test_recharge.py:40 ]
2019-09-05 10:45:51,642 -  testcases.test_recharge - DEBUG - æµ‹è¯•åç½®å¤„ç† - [test_recharge.py:44 ]
2019-09-05 10:45:51,642 -  testcases.test_add - INFO - å‡†å¤‡æµ‹è¯•å‰ç½® - [test_add.py:22 ]
2019-09-05 10:45:51,822 -  testcases.test_add - INFO - å¼€å§‹æµ‹è¯•:æ­£å¸¸ç™»å½• - [test_add.py:28 ]
2019-09-05 10:45:51,832 -  common.http_request - DEBUG - è¯·æ±‚çš„æ–¹æ³•:GET - [http_request.py:56 ]
2019-09-05 10:45:51,832 -  common.http_request - DEBUG - è¯·æ±‚çš„URL:http://test.lemonban.com/futureloan/mvc/api/member/login - [http_request.py:57 ]
2019-09-05 10:45:51,833 -  common.http_request - DEBUG - è¯·æ±‚data:{'mobilephone': '15810447878', 'pwd': '123456'} - [http_request.py:58 ]
2019-09-05 10:45:52,051 -  testcases.test_add - INFO - ç»“æŸæµ‹è¯•:æ­£å¸¸ç™»å½• - [test_add.py:43 ]
2019-09-05 10:45:52,052 -  testcases.test_add - INFO - å¼€å§‹æµ‹è¯•:åŠ æ ‡ - [test_add.py:28 ]
2019-09-05 10:45:52,054 -  common.http_request - DEBUG - è¯·æ±‚çš„æ–¹æ³•:GET - [http_request.py:56 ]
2019-09-05 10:45:52,054 -  common.http_request - DEBUG - è¯·æ±‚çš„URL:http://test.lemonban.com/futureloan/mvc/api/loan/add - [http_request.py:57 ]
2019-09-05 10:45:52,054 -  common.http_request - DEBUG - è¯·æ±‚data:{'repaymemtWay': 11, 'amount': 20000, 'loanTerm': 3, 'biddingDays': 5, 'memberId': '1197', 'loanDateType': 0, 'title': 'è¯•è¯•äººå“è¡Œä¸è¡Œï¼Œå€Ÿä¸ª2Wç©ç©', 'loanRate': '12.0'} - [http_request.py:58 ]
2019-09-05 10:45:52,255 -  testcases.test_add - INFO - ç»“æŸæµ‹è¯•:åŠ æ ‡ - [test_add.py:43 ]
2019-09-05 10:45:52,255 -  testcases.test_add - INFO - æµ‹è¯•åç½®å¤„ç† - [test_add.py:47 ]
2019-09-05 10:48:03,038 -  test_add - INFO - å‡†å¤‡æµ‹è¯•å‰ç½® - [test_add.py:22 ]
2019-09-05 10:48:04,230 -  test_add - INFO - å¼€å§‹æµ‹è¯•:æ­£å¸¸ç™»å½• - [test_add.py:28 ]
2019-09-05 10:48:04,240 -  common.http_request - DEBUG - è¯·æ±‚çš„æ–¹æ³•:GET - [http_request.py:56 ]
2019-09-05 10:48:04,240 -  common.http_request - DEBUG - è¯·æ±‚çš„URL:http://test.lemonban.com/futureloan/mvc/api/member/login - [http_request.py:57 ]
2019-09-05 10:48:04,244 -  common.http_request - DEBUG - è¯·æ±‚data:{'mobilephone': '15810447878', 'pwd': '123456'} - [http_request.py:58 ]
2019-09-05 10:48:04,474 -  test_add - INFO - ç»“æŸæµ‹è¯•:æ­£å¸¸ç™»å½• - [test_add.py:43 ]
2019-09-05 10:48:04,474 -  test_add - INFO - å¼€å§‹æµ‹è¯•:åŠ æ ‡ - [test_add.py:28 ]
2019-09-05 10:48:04,478 -  common.http_request - DEBUG - è¯·æ±‚çš„æ–¹æ³•:GET - [http_request.py:56 ]
2019-09-05 10:48:04,478 -  common.http_request - DEBUG - è¯·æ±‚çš„URL:http://test.lemonban.com/futureloan/mvc/api/loan/add - [http_request.py:57 ]
2019-09-05 10:48:04,478 -  common.http_request - DEBUG - è¯·æ±‚data:{'biddingDays': 5, 'memberId': '1197', 'loanTerm': 3, 'loanRate': '12.0', 'repaymemtWay': 11, 'amount': 20000, 'loanDateType': 0, 'title': 'è¯•è¯•äººå“è¡Œä¸è¡Œï¼Œå€Ÿä¸ª2Wç©ç©'} - [http_request.py:58 ]
2019-09-05 10:48:04,679 -  test_add - INFO - ç»“æŸæµ‹è¯•:åŠ æ ‡ - [test_add.py:43 ]
2019-09-05 10:48:04,683 -  test_add - INFO - æµ‹è¯•åç½®å¤„ç† - [test_add.py:47 ]
2019-09-05 10:48:04,683 -  test_invest - DEBUG - å‡†å¤‡æµ‹è¯•å‰ç½® - [test_invest.py:25 ]
2019-09-05 10:48:04,868 -  test_invest - DEBUG - å¼€å§‹æµ‹è¯•:ç®¡ç†å‘˜æ­£å¸¸ç™»å½• - [test_invest.py:31 ]
2019-09-05 10:48:04,991 -  common.http_request - DEBUG - è¯·æ±‚çš„æ–¹æ³•:GET - [http_request.py:56 ]
2019-09-05 10:48:04,991 -  common.http_request - DEBUG - è¯·æ±‚çš„URL:http://test.lemonban.com/futureloan/mvc/api/member/login - [http_request.py:57 ]
2019-09-05 10:48:04,995 -  common.http_request - DEBUG - è¯·æ±‚data:{'mobilephone': '15814447890', 'pwd': '123456'} - [http_request.py:58 ]
2019-09-05 10:48:05,271 -  test_invest - DEBUG - ç»“æŸæµ‹è¯•:ç®¡ç†å‘˜æ­£å¸¸ç™»å½• - [test_invest.py:64 ]
2019-09-05 10:48:05,271 -  test_invest - DEBUG - å¼€å§‹æµ‹è¯•:ç®¡ç†å‘˜åŠ æ ‡ - [test_invest.py:31 ]
2019-09-05 10:48:05,276 -  common.http_request - DEBUG - è¯·æ±‚çš„æ–¹æ³•:GET - [http_request.py:56 ]
2019-09-05 10:48:05,276 -  common.http_request - DEBUG - è¯·æ±‚çš„URL:http://test.lemonban.com/futureloan/mvc/api/loan/add - [http_request.py:57 ]
2019-09-05 10:48:05,276 -  common.http_request - DEBUG - è¯·æ±‚data:{'biddingDays': 5, 'memberId': '1197', 'loanTerm': 3, 'loanRate': '12.0', 'repaymemtWay': 11, 'amount': 20000, 'loanDateType': 0, 'title': 'ä¸–ç•Œè¿™ä¹ˆå¤§ï¼Œæƒ³å»çœ‹ä¸€çœ‹'} - [http_request.py:58 ]
2019-09-05 10:48:05,439 -  test_invest - DEBUG - ç»“æŸæµ‹è¯•:ç®¡ç†å‘˜åŠ æ ‡ - [test_invest.py:64 ]
2019-09-05 10:48:05,439 -  test_invest - DEBUG - å¼€å§‹æµ‹è¯•:ç®¡ç†å‘˜å®¡æ ¸ - [test_invest.py:31 ]
2019-09-05 10:48:05,445 -  test_invest - DEBUG - å¼€å§‹æµ‹è¯•:æŠ•èµ„äººæ­£å¸¸ç™»å½• - [test_invest.py:31 ]
2019-09-05 10:48:05,445 -  common.http_request - DEBUG - è¯·æ±‚çš„æ–¹æ³•:GET - [http_request.py:56 ]
2019-09-05 10:48:05,445 -  common.http_request - DEBUG - è¯·æ±‚çš„URL:http://test.lemonban.com/futureloan/mvc/api/member/login - [http_request.py:57 ]
2019-09-05 10:48:05,445 -  common.http_request - DEBUG - è¯·æ±‚data:{'mobilephone': '15810447878', 'pwd': '123456'} - [http_request.py:58 ]
2019-09-05 10:48:05,670 -  test_invest - DEBUG - ç»“æŸæµ‹è¯•:æŠ•èµ„äººæ­£å¸¸ç™»å½• - [test_invest.py:64 ]
2019-09-05 10:48:05,671 -  test_invest - DEBUG - å¼€å§‹æµ‹è¯•:æŠ•èµ„äººæ­£å¸¸æŠ•èµ„ - [test_invest.py:31 ]
2019-09-05 10:48:05,677 -  test_invest - DEBUG - å¼€å§‹æµ‹è¯•:æŠ•èµ„äººæŠ•èµ„ä¸è¾“å…¥é‡‘é¢ - [test_invest.py:31 ]
2019-09-05 10:48:05,682 -  test_invest - DEBUG - å¼€å§‹æµ‹è¯•:æŠ•èµ„äººæŠ•èµ„è¾“å…¥è´Ÿæ•° - [test_invest.py:31 ]
2019-09-05 10:48:05,687 -  test_invest - DEBUG - æµ‹è¯•åç½®å¤„ç† - [test_invest.py:68 ]
2019-09-05 10:48:05,689 -  test_login - DEBUG - å‡†å¤‡æµ‹è¯•å‰ç½® - [test_login.py:22 ]
2019-09-05 10:48:05,689 -  test_login - DEBUG - å¼€å§‹æµ‹è¯•:æ­£å¸¸ç™»å½• - [test_login.py:28 ]
2019-09-05 10:48:05,690 -  common.http_request - DEBUG - è¯·æ±‚çš„æ–¹æ³•:GET - [http_request.py:56 ]
2019-09-05 10:48:05,690 -  common.http_request - DEBUG - è¯·æ±‚çš„URL:http://test.lemonban.com/futureloan/mvc/api/member/login - [http_request.py:57 ]
2019-09-05 10:48:05,690 -  common.http_request - DEBUG - è¯·æ±‚data:{'mobilephone': '15810447878', 'pwd': '123456'} - [http_request.py:58 ]
2019-09-05 10:48:05,950 -  test_login - DEBUG - ç»“æŸæµ‹è¯•:æ­£å¸¸ç™»å½• - [test_login.py:41 ]
2019-09-05 10:48:05,951 -  test_login - DEBUG - å¼€å§‹æµ‹è¯•:è¾“å…¥é”™è¯¯çš„å¯†ç  - [test_login.py:28 ]
2019-09-05 10:48:05,952 -  common.http_request - DEBUG - è¯·æ±‚çš„æ–¹æ³•:POST - [http_request.py:56 ]
2019-09-05 10:48:05,952 -  common.http_request - DEBUG - è¯·æ±‚çš„URL:http://test.lemonban.com/futureloan/mvc/api/member/login - [http_request.py:57 ]
2019-09-05 10:48:05,956 -  common.http_request - DEBUG - è¯·æ±‚data:{'mobilephone': '15810447878', 'pwd': '098786'} - [http_request.py:58 ]
2019-09-05 10:48:06,175 -  test_login - DEBUG - ç»“æŸæµ‹è¯•:è¾“å…¥é”™è¯¯çš„å¯†ç  - [test_login.py:41 ]
2019-09-05 10:48:06,175 -  test_login - DEBUG - å¼€å§‹æµ‹è¯•:ä¸è¾“å…¥å¯†ç  - [test_login.py:28 ]
2019-09-05 10:48:06,182 -  common.http_request - DEBUG - è¯·æ±‚çš„æ–¹æ³•:GET - [http_request.py:56 ]
2019-09-05 10:48:06,182 -  common.http_request - DEBUG - è¯·æ±‚çš„URL:http://test.lemonban.com/futureloan/mvc/api/member/login - [http_request.py:57 ]
2019-09-05 10:48:06,183 -  common.http_request - DEBUG - è¯·æ±‚data:{'mobilephone': '15810447878', 'pwd': ''} - [http_request.py:58 ]
2019-09-05 10:48:06,335 -  test_login - DEBUG - ç»“æŸæµ‹è¯•:ä¸è¾“å…¥å¯†ç  - [test_login.py:41 ]
2019-09-05 10:48:06,335 -  test_login - DEBUG - å¼€å§‹æµ‹è¯•:ä¸è¾“å…¥æ‰‹æœºå·ç  - [test_login.py:28 ]
2019-09-05 10:48:06,336 -  common.http_request - DEBUG - è¯·æ±‚çš„æ–¹æ³•:POST - [http_request.py:56 ]
2019-09-05 10:48:06,336 -  common.http_request - DEBUG - è¯·æ±‚çš„URL:http://test.lemonban.com/futureloan/mvc/api/member/login - [http_request.py:57 ]
2019-09-05 10:48:06,336 -  common.http_request - DEBUG - è¯·æ±‚data:{'mobilephone': '', 'pwd': '123456'} - [http_request.py:58 ]
2019-09-05 10:48:06,489 -  test_login - DEBUG - ç»“æŸæµ‹è¯•:ä¸è¾“å…¥æ‰‹æœºå·ç  - [test_login.py:41 ]
2019-09-05 10:48:06,493 -  test_login - DEBUG - æµ‹è¯•åç½®å¤„ç† - [test_login.py:46 ]
2019-09-05 10:48:06,493 -  test_recharge - DEBUG - å‡†å¤‡æµ‹è¯•å‰ç½® - [test_recharge.py:22 ]
2019-09-05 10:48:06,494 -  test_recharge - DEBUG - å¼€å§‹æµ‹è¯•:æ­£å¸¸ç™»é™† - [test_recharge.py:27 ]
2019-09-05 10:48:06,495 -  common.http_request - DEBUG - è¯·æ±‚çš„æ–¹æ³•:POST - [http_request.py:56 ]
2019-09-05 10:48:06,495 -  common.http_request - DEBUG - è¯·æ±‚çš„URL:http://test.lemonban.com/futureloan/mvc/api/member/login - [http_request.py:57 ]
2019-09-05 10:48:06,495 -  common.http_request - DEBUG - è¯·æ±‚data:{'mobilephone': '15810447878', 'pwd': '123456'} - [http_request.py:58 ]
2019-09-05 10:48:06,755 -  test_recharge - DEBUG - ç»“æŸæµ‹è¯•:æ­£å¸¸ç™»é™† - [test_recharge.py:40 ]
2019-09-05 10:48:06,756 -  test_recharge - DEBUG - å¼€å§‹æµ‹è¯•:æ­£å¸¸å……å€¼ - [test_recharge.py:27 ]
2019-09-05 10:48:06,757 -  common.http_request - DEBUG - è¯·æ±‚çš„æ–¹æ³•:POST - [http_request.py:56 ]
2019-09-05 10:48:06,757 -  common.http_request - DEBUG - è¯·æ±‚çš„URL:http://test.lemonban.com/futureloan/mvc/api/member/recharge - [http_request.py:57 ]
2019-09-05 10:48:06,758 -  common.http_request - DEBUG - è¯·æ±‚data:{'amount': '100', 'mobilephone': '15810447878'} - [http_request.py:58 ]
2019-09-05 10:48:07,084 -  test_recharge - DEBUG - ç»“æŸæµ‹è¯•:æ­£å¸¸å……å€¼ - [test_recharge.py:40 ]
2019-09-05 10:48:07,084 -  test_recharge - DEBUG - å¼€å§‹æµ‹è¯•:å……å€¼æ‰‹æœºå·ç ä¸å­˜åœ¨ - [test_recharge.py:27 ]
2019-09-05 10:48:07,088 -  common.http_request - DEBUG - è¯·æ±‚çš„æ–¹æ³•:POST - [http_request.py:56 ]
2019-09-05 10:48:07,088 -  common.http_request - DEBUG - è¯·æ±‚çš„URL:http://test.lemonban.com/futureloan/mvc/api/member/recharge - [http_request.py:57 ]
2019-09-05 10:48:07,088 -  common.http_request - DEBUG - è¯·æ±‚data:{'amount': '101', 'mobilephone': '12345677889'} - [http_request.py:58 ]
2019-09-05 10:48:07,296 -  test_recharge - DEBUG - ç»“æŸæµ‹è¯•:å……å€¼æ‰‹æœºå·ç ä¸å­˜åœ¨ - [test_recharge.py:40 ]
2019-09-05 10:48:07,296 -  test_recharge - DEBUG - å¼€å§‹æµ‹è¯•:å……å€¼é‡‘é¢å°æ•°ç‚¹å¤§äºä¸¤ä½ - [test_recharge.py:27 ]
2019-09-05 10:48:07,298 -  common.http_request - DEBUG - è¯·æ±‚çš„æ–¹æ³•:POST - [http_request.py:56 ]
2019-09-05 10:48:07,298 -  common.http_request - DEBUG - è¯·æ±‚çš„URL:http://test.lemonban.com/futureloan/mvc/api/member/recharge - [http_request.py:57 ]
2019-09-05 10:48:07,299 -  common.http_request - DEBUG - è¯·æ±‚data:{'amount': '102.223', 'mobilephone': '15810447878'} - [http_request.py:58 ]
2019-09-05 10:48:07,555 -  test_recharge - DEBUG - ç»“æŸæµ‹è¯•:å……å€¼é‡‘é¢å°æ•°ç‚¹å¤§äºä¸¤ä½ - [test_recharge.py:40 ]
2019-09-05 10:48:07,556 -  test_recharge - DEBUG - å¼€å§‹æµ‹è¯•:è¾“å…¥è´Ÿæ•° - [test_recharge.py:27 ]
2019-09-05 10:48:07,556 -  common.http_request - DEBUG - è¯·æ±‚çš„æ–¹æ³•:POST - [http_request.py:56 ]
2019-09-05 10:48:07,560 -  common.http_request - DEBUG - è¯·æ±‚çš„URL:http://test.lemonban.com/futureloan/mvc/api/member/recharge - [http_request.py:57 ]
2019-09-05 10:48:07,560 -  common.http_request - DEBUG - è¯·æ±‚data:{'amount': '-103', 'mobilephone': '15810447878'} - [http_request.py:58 ]
2019-09-05 10:48:07,812 -  test_recharge - DEBUG - ç»“æŸæµ‹è¯•:è¾“å…¥è´Ÿæ•° - [test_recharge.py:40 ]
2019-09-05 10:48:07,817 -  test_recharge - DEBUG - æµ‹è¯•åç½®å¤„ç† - [test_recharge.py:44 ]
2019-09-05 10:48:07,818 -  test_register - DEBUG - å‡†å¤‡æµ‹è¯•å‰ç½® - [test_register.py:24 ]
2019-09-05 10:48:07,818 -  test_register - DEBUG - å¼€å§‹æµ‹è¯•:æ³¨å†ŒæˆåŠŸ - [test_register.py:29 ]
2019-09-05 10:48:07,930 -  common.http_request - DEBUG - è¯·æ±‚çš„æ–¹æ³•:POST - [http_request.py:56 ]
2019-09-05 10:48:07,930 -  common.http_request - DEBUG - è¯·æ±‚çš„URL:http://test.lemonban.com/futureloan/mvc/api/member/register - [http_request.py:57 ]
2019-09-05 10:48:07,930 -  common.http_request - DEBUG - è¯·æ±‚data:{'mobilephone': '19000000000', 'pwd': '123456'} - [http_request.py:58 ]
2019-09-05 10:48:08,149 -  test_register - ERROR - [0;31mæŠ¥é”™äº†:'{"status":1,"code":"10001","data":null,"msg":"æ³¨å†ŒæˆåŠŸ"}' != '{"status":0,"code":"20109","data":null,"msg":"æ‰‹æœºå·ç æ ¼å¼ä¸æ­£ç¡®"}'
- {"status":1,"code":"10001","data":null,"msg":"æ³¨å†ŒæˆåŠŸ"}
?           ^           ^^^                     ^^^^
+ {"status":0,"code":"20109","data":null,"msg":"æ‰‹æœºå·ç æ ¼å¼ä¸æ­£ç¡®"}
?           ^         ++  ^                     ^^^^^^^^^
[0m - [test_register.py:49 ]
2019-09-05 10:48:08,154 -  test_register - DEBUG - å¼€å§‹æµ‹è¯•:å¯†ç ä¸ºç©ºï¼Œæ³¨å†Œå¤±è´¥ - [test_register.py:29 ]
2019-09-05 10:48:08,155 -  common.http_request - DEBUG - è¯·æ±‚çš„æ–¹æ³•:POST - [http_request.py:56 ]
2019-09-05 10:48:08,155 -  common.http_request - DEBUG - è¯·æ±‚çš„URL:http://test.lemonban.com/futureloan/mvc/api/member/register - [http_request.py:57 ]
2019-09-05 10:48:08,155 -  common.http_request - DEBUG - è¯·æ±‚data:{'mobilephone': '15810447879', 'pwd': ''} - [http_request.py:58 ]
2019-09-05 10:48:08,310 -  test_register - DEBUG - ç»“æŸæµ‹è¯•:å¯†ç ä¸ºç©ºï¼Œæ³¨å†Œå¤±è´¥ - [test_register.py:52 ]
2019-09-05 10:48:08,310 -  test_register - DEBUG - å¼€å§‹æµ‹è¯•:æ‰‹æœºå·ç ä¸ºç©ºï¼Œæ³¨å†Œå¤±è´¥ - [test_register.py:29 ]
2019-09-05 10:48:08,311 -  common.http_request - DEBUG - è¯·æ±‚çš„æ–¹æ³•:POST - [http_request.py:56 ]
2019-09-05 10:48:08,311 -  common.http_request - DEBUG - è¯·æ±‚çš„URL:http://test.lemonban.com/futureloan/mvc/api/member/register - [http_request.py:57 ]
2019-09-05 10:48:08,311 -  common.http_request - DEBUG - è¯·æ±‚data:{'mobilephone': '', 'pwd': '123458'} - [http_request.py:58 ]
2019-09-05 10:48:08,527 -  test_register - DEBUG - ç»“æŸæµ‹è¯•:æ‰‹æœºå·ç ä¸ºç©ºï¼Œæ³¨å†Œå¤±è´¥ - [test_register.py:52 ]
2019-09-05 10:48:08,527 -  test_register - DEBUG - å¼€å§‹æµ‹è¯•:é‡å¤æ³¨å†Œ - [test_register.py:29 ]
2019-09-05 10:48:08,528 -  common.http_request - DEBUG - è¯·æ±‚çš„æ–¹æ³•:POST - [http_request.py:56 ]
2019-09-05 10:48:08,528 -  common.http_request - DEBUG - è¯·æ±‚çš„URL:http://test.lemonban.com/futureloan/mvc/api/member/register - [http_request.py:57 ]
2019-09-05 10:48:08,528 -  common.http_request - DEBUG - è¯·æ±‚data:{'mobilephone': '15810447878', 'pwd': '123459'} - [http_request.py:58 ]
2019-09-05 10:48:08,668 -  test_register - DEBUG - ç»“æŸæµ‹è¯•:é‡å¤æ³¨å†Œ - [test_register.py:52 ]
2019-09-05 10:48:08,669 -  test_register - DEBUG - æµ‹è¯•åç½®å¤„ç† - [test_register.py:56 ]
2019-09-05 10:48:57,713 -  test_invest - DEBUG - å‡†å¤‡æµ‹è¯•å‰ç½® - [test_invest.py:25 ]
2019-09-05 10:48:57,910 -  test_invest - DEBUG - å¼€å§‹æµ‹è¯•:ç®¡ç†å‘˜æ­£å¸¸ç™»å½• - [test_invest.py:31 ]
2019-09-05 10:48:58,047 -  common.http_request - DEBUG - è¯·æ±‚çš„æ–¹æ³•:GET - [http_request.py:56 ]
2019-09-05 10:48:58,047 -  common.http_request - DEBUG - è¯·æ±‚çš„URL:http://test.lemonban.com/futureloan/mvc/api/member/login - [http_request.py:57 ]
2019-09-05 10:48:58,048 -  common.http_request - DEBUG - è¯·æ±‚data:{'pwd': '123456', 'mobilephone': '15814447890'} - [http_request.py:58 ]
2019-09-05 10:48:58,291 -  test_invest - DEBUG - ç»“æŸæµ‹è¯•:ç®¡ç†å‘˜æ­£å¸¸ç™»å½• - [test_invest.py:64 ]
2019-09-05 10:48:58,295 -  test_invest - DEBUG - å¼€å§‹æµ‹è¯•:ç®¡ç†å‘˜åŠ æ ‡ - [test_invest.py:31 ]
2019-09-05 10:48:58,296 -  common.http_request - DEBUG - è¯·æ±‚çš„æ–¹æ³•:GET - [http_request.py:56 ]
2019-09-05 10:48:58,297 -  common.http_request - DEBUG - è¯·æ±‚çš„URL:http://test.lemonban.com/futureloan/mvc/api/loan/add - [http_request.py:57 ]
2019-09-05 10:48:58,297 -  common.http_request - DEBUG - è¯·æ±‚data:{'loanDateType': 0, 'memberId': '1197', 'loanTerm': 3, 'repaymemtWay': 11, 'biddingDays': 5, 'title': 'ä¸–ç•Œè¿™ä¹ˆå¤§ï¼Œæƒ³å»çœ‹ä¸€çœ‹', 'amount': 20000, 'loanRate': '12.0'} - [http_request.py:58 ]
2019-09-05 10:48:58,423 -  test_invest - DEBUG - ç»“æŸæµ‹è¯•:ç®¡ç†å‘˜åŠ æ ‡ - [test_invest.py:64 ]
2019-09-05 10:48:58,424 -  test_invest - DEBUG - å¼€å§‹æµ‹è¯•:ç®¡ç†å‘˜å®¡æ ¸ - [test_invest.py:31 ]
2019-09-05 10:48:58,435 -  test_invest - DEBUG - å¼€å§‹æµ‹è¯•:æŠ•èµ„äººæ­£å¸¸ç™»å½• - [test_invest.py:31 ]
2019-09-05 10:48:58,438 -  common.http_request - DEBUG - è¯·æ±‚çš„æ–¹æ³•:GET - [http_request.py:56 ]
2019-09-05 10:48:58,438 -  common.http_request - DEBUG - è¯·æ±‚çš„URL:http://test.lemonban.com/futureloan/mvc/api/member/login - [http_request.py:57 ]
2019-09-05 10:48:58,438 -  common.http_request - DEBUG - è¯·æ±‚data:{'pwd': '123456', 'mobilephone': '15810447878'} - [http_request.py:58 ]
2019-09-05 10:48:58,634 -  test_invest - DEBUG - ç»“æŸæµ‹è¯•:æŠ•èµ„äººæ­£å¸¸ç™»å½• - [test_invest.py:64 ]
2019-09-05 10:48:58,635 -  test_invest - DEBUG - å¼€å§‹æµ‹è¯•:æŠ•èµ„äººæ­£å¸¸æŠ•èµ„ - [test_invest.py:31 ]
2019-09-05 10:48:58,642 -  test_invest - DEBUG - å¼€å§‹æµ‹è¯•:æŠ•èµ„äººæŠ•èµ„ä¸è¾“å…¥é‡‘é¢ - [test_invest.py:31 ]
2019-09-05 10:48:58,658 -  test_invest - DEBUG - å¼€å§‹æµ‹è¯•:æŠ•èµ„äººæŠ•èµ„è¾“å…¥è´Ÿæ•° - [test_invest.py:31 ]
2019-09-05 10:48:58,683 -  test_invest - DEBUG - æµ‹è¯•åç½®å¤„ç† - [test_invest.py:68 ]
2019-09-05 10:53:09,610 -  test_invest - DEBUG - å‡†å¤‡æµ‹è¯•å‰ç½® - [test_invest.py:25 ]
2019-09-05 10:53:09,798 -  test_invest - DEBUG - å¼€å§‹æµ‹è¯•:ç®¡ç†å‘˜æ­£å¸¸ç™»å½• - [test_invest.py:31 ]
2019-09-05 10:53:09,810 -  common.http_request - DEBUG - è¯·æ±‚çš„æ–¹æ³•:GET - [http_request.py:56 ]
2019-09-05 10:53:09,811 -  common.http_request - DEBUG - è¯·æ±‚çš„URL:http://test.lemonban.com/futureloan/mvc/api/member/login - [http_request.py:57 ]
2019-09-05 10:53:09,812 -  common.http_request - DEBUG - è¯·æ±‚data:{'mobilephone': '15814447890', 'pwd': '123456'} - [http_request.py:58 ]
2019-09-05 10:53:10,140 -  test_invest - DEBUG - ç»“æŸæµ‹è¯•:ç®¡ç†å‘˜æ­£å¸¸ç™»å½• - [test_invest.py:64 ]
2019-09-05 10:53:10,141 -  test_invest - DEBUG - å¼€å§‹æµ‹è¯•:ç®¡ç†å‘˜åŠ æ ‡ - [test_invest.py:31 ]
2019-09-05 10:53:10,264 -  common.http_request - DEBUG - è¯·æ±‚çš„æ–¹æ³•:GET - [http_request.py:56 ]
2019-09-05 10:53:10,265 -  common.http_request - DEBUG - è¯·æ±‚çš„URL:http://test.lemonban.com/futureloan/mvc/api/loan/add - [http_request.py:57 ]
2019-09-05 10:53:10,266 -  common.http_request - DEBUG - è¯·æ±‚data:{'loanTerm': 3, 'loanRate': '12.0', 'loanDateType': 0, 'title': 'ä¸–ç•Œè¿™ä¹ˆå¤§ï¼Œæƒ³å»çœ‹ä¸€çœ‹', 'biddingDays': 5, 'memberId': '1197', 'amount': 20000, 'repaymemtWay': 11} - [http_request.py:58 ]
2019-09-05 10:53:10,657 -  test_invest - DEBUG - ç»“æŸæµ‹è¯•:ç®¡ç†å‘˜åŠ æ ‡ - [test_invest.py:64 ]
2019-09-05 10:53:10,658 -  test_invest - DEBUG - å¼€å§‹æµ‹è¯•:ç®¡ç†å‘˜å®¡æ ¸ - [test_invest.py:31 ]
2019-09-05 10:53:10,664 -  common.http_request - DEBUG - è¯·æ±‚çš„æ–¹æ³•:POST - [http_request.py:56 ]
2019-09-05 10:53:10,667 -  common.http_request - DEBUG - è¯·æ±‚çš„URL:http://test.lemonban.com/futureloan/mvc/api/loan/audit - [http_request.py:57 ]
2019-09-05 10:53:10,668 -  common.http_request - DEBUG - è¯·æ±‚data:{'id': '69543', 'status': 4} - [http_request.py:58 ]
2019-09-05 10:53:10,846 -  test_invest - DEBUG - ç»“æŸæµ‹è¯•:ç®¡ç†å‘˜å®¡æ ¸ - [test_invest.py:64 ]
2019-09-05 10:53:10,850 -  test_invest - DEBUG - å¼€å§‹æµ‹è¯•:æŠ•èµ„äººæ­£å¸¸ç™»å½• - [test_invest.py:31 ]
2019-09-05 10:53:10,852 -  common.http_request - DEBUG - è¯·æ±‚çš„æ–¹æ³•:GET - [http_request.py:56 ]
2019-09-05 10:53:10,852 -  common.http_request - DEBUG - è¯·æ±‚çš„URL:http://test.lemonban.com/futureloan/mvc/api/member/login - [http_request.py:57 ]
2019-09-05 10:53:10,852 -  common.http_request - DEBUG - è¯·æ±‚data:{'mobilephone': '15810447878', 'pwd': '123456'} - [http_request.py:58 ]
2019-09-05 10:53:11,124 -  test_invest - DEBUG - ç»“æŸæµ‹è¯•:æŠ•èµ„äººæ­£å¸¸ç™»å½• - [test_invest.py:64 ]
2019-09-05 10:53:11,126 -  test_invest - DEBUG - å¼€å§‹æµ‹è¯•:æŠ•èµ„äººæ­£å¸¸æŠ•èµ„ - [test_invest.py:31 ]
2019-09-05 10:53:11,142 -  common.http_request - DEBUG - è¯·æ±‚çš„æ–¹æ³•:POST - [http_request.py:56 ]
2019-09-05 10:53:11,143 -  common.http_request - DEBUG - è¯·æ±‚çš„URL:http://test.lemonban.com/futureloan/mvc/api/member/bidLoan - [http_request.py:57 ]
2019-09-05 10:53:11,143 -  common.http_request - DEBUG - è¯·æ±‚data:{'password': '123456', 'memberId': '88538', 'amount': '100', 'loanId': '69543'} - [http_request.py:58 ]
2019-09-05 10:53:11,358 -  test_invest - DEBUG - ç»“æŸæµ‹è¯•:æŠ•èµ„äººæ­£å¸¸æŠ•èµ„ - [test_invest.py:64 ]
2019-09-05 10:53:11,360 -  test_invest - DEBUG - å¼€å§‹æµ‹è¯•:æŠ•èµ„äººæŠ•èµ„ä¸è¾“å…¥é‡‘é¢ - [test_invest.py:31 ]
2019-09-05 10:53:11,368 -  common.http_request - DEBUG - è¯·æ±‚çš„æ–¹æ³•:POST - [http_request.py:56 ]
2019-09-05 10:53:11,369 -  common.http_request - DEBUG - è¯·æ±‚çš„URL:http://test.lemonban.com/futureloan/mvc/api/member/bidLoan - [http_request.py:57 ]
2019-09-05 10:53:11,369 -  common.http_request - DEBUG - è¯·æ±‚data:{'password': '123456', 'memberId': '88538', 'amount': '', 'loanId': '69543'} - [http_request.py:58 ]
2019-09-05 10:53:11,576 -  test_invest - DEBUG - ç»“æŸæµ‹è¯•:æŠ•èµ„äººæŠ•èµ„ä¸è¾“å…¥é‡‘é¢ - [test_invest.py:64 ]
2019-09-05 10:53:11,576 -  test_invest - DEBUG - å¼€å§‹æµ‹è¯•:æŠ•èµ„äººæŠ•èµ„è¾“å…¥è´Ÿæ•° - [test_invest.py:31 ]
2019-09-05 10:53:11,587 -  common.http_request - DEBUG - è¯·æ±‚çš„æ–¹æ³•:POST - [http_request.py:56 ]
2019-09-05 10:53:11,587 -  common.http_request - DEBUG - è¯·æ±‚çš„URL:http://test.lemonban.com/futureloan/mvc/api/member/bidLoan - [http_request.py:57 ]
2019-09-05 10:53:11,587 -  common.http_request - DEBUG - è¯·æ±‚data:{'password': '123456', 'memberId': '88538', 'amount': '-100', 'loanId': '69543'} - [http_request.py:58 ]
2019-09-05 10:53:11,780 -  test_invest - DEBUG - ç»“æŸæµ‹è¯•:æŠ•èµ„äººæŠ•èµ„è¾“å…¥è´Ÿæ•° - [test_invest.py:64 ]
2019-09-05 10:53:11,782 -  test_invest - DEBUG - æµ‹è¯•åç½®å¤„ç† - [test_invest.py:68 ]
2019-09-05 10:53:21,437 -  test_add - INFO - å‡†å¤‡æµ‹è¯•å‰ç½® - [test_add.py:22 ]
2019-09-05 10:53:21,618 -  test_add - INFO - å¼€å§‹æµ‹è¯•:æ­£å¸¸ç™»å½• - [test_add.py:28 ]
2019-09-05 10:53:21,630 -  common.http_request - DEBUG - è¯·æ±‚çš„æ–¹æ³•:GET - [http_request.py:56 ]
2019-09-05 10:53:21,631 -  common.http_request - DEBUG - è¯·æ±‚çš„URL:http://test.lemonban.com/futureloan/mvc/api/member/login - [http_request.py:57 ]
2019-09-05 10:53:21,631 -  common.http_request - DEBUG - è¯·æ±‚data:{'mobilephone': '15810447878', 'pwd': '123456'} - [http_request.py:58 ]
2019-09-05 10:53:21,902 -  test_add - INFO - ç»“æŸæµ‹è¯•:æ­£å¸¸ç™»å½• - [test_add.py:43 ]
2019-09-05 10:53:21,905 -  test_add - INFO - å¼€å§‹æµ‹è¯•:åŠ æ ‡ - [test_add.py:28 ]
2019-09-05 10:53:21,908 -  common.http_request - DEBUG - è¯·æ±‚çš„æ–¹æ³•:GET - [http_request.py:56 ]
2019-09-05 10:53:21,908 -  common.http_request - DEBUG - è¯·æ±‚çš„URL:http://test.lemonban.com/futureloan/mvc/api/loan/add - [http_request.py:57 ]
2019-09-05 10:53:21,908 -  common.http_request - DEBUG - è¯·æ±‚data:{'biddingDays': 5, 'loanDateType': 0, 'loanTerm': 3, 'amount': 20000, 'loanRate': '12.0', 'memberId': '1197', 'title': 'è¯•è¯•äººå“è¡Œä¸è¡Œï¼Œå€Ÿä¸ª2Wç©ç©', 'repaymemtWay': 11} - [http_request.py:58 ]
2019-09-05 10:53:22,061 -  test_add - INFO - ç»“æŸæµ‹è¯•:åŠ æ ‡ - [test_add.py:43 ]
2019-09-05 10:53:22,061 -  test_add - INFO - æµ‹è¯•åç½®å¤„ç† - [test_add.py:47 ]
2019-09-05 10:53:22,065 -  test_invest - DEBUG - å‡†å¤‡æµ‹è¯•å‰ç½® - [test_invest.py:25 ]
2019-09-05 10:53:22,244 -  test_invest - DEBUG - å¼€å§‹æµ‹è¯•:ç®¡ç†å‘˜æ­£å¸¸ç™»å½• - [test_invest.py:31 ]
2019-09-05 10:53:22,250 -  common.http_request - DEBUG - è¯·æ±‚çš„æ–¹æ³•:GET - [http_request.py:56 ]
2019-09-05 10:53:22,250 -  common.http_request - DEBUG - è¯·æ±‚çš„URL:http://test.lemonban.com/futureloan/mvc/api/member/login - [http_request.py:57 ]
2019-09-05 10:53:22,250 -  common.http_request - DEBUG - è¯·æ±‚data:{'mobilephone': '15814447890', 'pwd': '123456'} - [http_request.py:58 ]
2019-09-05 10:53:22,517 -  test_invest - DEBUG - ç»“æŸæµ‹è¯•:ç®¡ç†å‘˜æ­£å¸¸ç™»å½• - [test_invest.py:64 ]
2019-09-05 10:53:22,521 -  test_invest - DEBUG - å¼€å§‹æµ‹è¯•:ç®¡ç†å‘˜åŠ æ ‡ - [test_invest.py:31 ]
2019-09-05 10:53:22,645 -  common.http_request - DEBUG - è¯·æ±‚çš„æ–¹æ³•:GET - [http_request.py:56 ]
2019-09-05 10:53:22,645 -  common.http_request - DEBUG - è¯·æ±‚çš„URL:http://test.lemonban.com/futureloan/mvc/api/loan/add - [http_request.py:57 ]
2019-09-05 10:53:22,645 -  common.http_request - DEBUG - è¯·æ±‚data:{'biddingDays': 5, 'loanDateType': 0, 'loanTerm': 3, 'amount': 20000, 'loanRate': '12.0', 'memberId': '1197', 'title': 'ä¸–ç•Œè¿™ä¹ˆå¤§ï¼Œæƒ³å»çœ‹ä¸€çœ‹', 'repaymemtWay': 11} - [http_request.py:58 ]
2019-09-05 10:53:23,129 -  test_invest - DEBUG - ç»“æŸæµ‹è¯•:ç®¡ç†å‘˜åŠ æ ‡ - [test_invest.py:64 ]
2019-09-05 10:53:23,130 -  test_invest - DEBUG - å¼€å§‹æµ‹è¯•:ç®¡ç†å‘˜å®¡æ ¸ - [test_invest.py:31 ]
2019-09-05 10:53:23,134 -  common.http_request - DEBUG - è¯·æ±‚çš„æ–¹æ³•:POST - [http_request.py:56 ]
2019-09-05 10:53:23,134 -  common.http_request - DEBUG - è¯·æ±‚çš„URL:http://test.lemonban.com/futureloan/mvc/api/loan/audit - [http_request.py:57 ]
2019-09-05 10:53:23,134 -  common.http_request - DEBUG - è¯·æ±‚data:{'id': '69545', 'status': 4} - [http_request.py:58 ]
2019-09-05 10:53:23,350 -  test_invest - DEBUG - ç»“æŸæµ‹è¯•:ç®¡ç†å‘˜å®¡æ ¸ - [test_invest.py:64 ]
2019-09-05 10:53:23,354 -  test_invest - DEBUG - å¼€å§‹æµ‹è¯•:æŠ•èµ„äººæ­£å¸¸ç™»å½• - [test_invest.py:31 ]
2019-09-05 10:53:23,362 -  common.http_request - DEBUG - è¯·æ±‚çš„æ–¹æ³•:GET - [http_request.py:56 ]
2019-09-05 10:53:23,362 -  common.http_request - DEBUG - è¯·æ±‚çš„URL:http://test.lemonban.com/futureloan/mvc/api/member/login - [http_request.py:57 ]
2019-09-05 10:53:23,364 -  common.http_request - DEBUG - è¯·æ±‚data:{'mobilephone': '15810447878', 'pwd': '123456'} - [http_request.py:58 ]
2019-09-05 10:53:23,599 -  test_invest - DEBUG - ç»“æŸæµ‹è¯•:æŠ•èµ„äººæ­£å¸¸ç™»å½• - [test_invest.py:64 ]
2019-09-05 10:53:23,600 -  test_invest - DEBUG - å¼€å§‹æµ‹è¯•:æŠ•èµ„äººæ­£å¸¸æŠ•èµ„ - [test_invest.py:31 ]
2019-09-05 10:53:23,601 -  common.http_request - DEBUG - è¯·æ±‚çš„æ–¹æ³•:POST - [http_request.py:56 ]
2019-09-05 10:53:23,601 -  common.http_request - DEBUG - è¯·æ±‚çš„URL:http://test.lemonban.com/futureloan/mvc/api/member/bidLoan - [http_request.py:57 ]
2019-09-05 10:53:23,603 -  common.http_request - DEBUG - è¯·æ±‚data:{'memberId': '88538', 'password': '123456', 'loanId': '69545', 'amount': '100'} - [http_request.py:58 ]
2019-09-05 10:53:23,810 -  test_invest - DEBUG - ç»“æŸæµ‹è¯•:æŠ•èµ„äººæ­£å¸¸æŠ•èµ„ - [test_invest.py:64 ]
2019-09-05 10:53:23,810 -  test_invest - DEBUG - å¼€å§‹æµ‹è¯•:æŠ•èµ„äººæŠ•èµ„ä¸è¾“å…¥é‡‘é¢ - [test_invest.py:31 ]
2019-09-05 10:53:23,815 -  common.http_request - DEBUG - è¯·æ±‚çš„æ–¹æ³•:POST - [http_request.py:56 ]
2019-09-05 10:53:23,815 -  common.http_request - DEBUG - è¯·æ±‚çš„URL:http://test.lemonban.com/futureloan/mvc/api/member/bidLoan - [http_request.py:57 ]
2019-09-05 10:53:23,815 -  common.http_request - DEBUG - è¯·æ±‚data:{'memberId': '88538', 'password': '123456', 'loanId': '69545', 'amount': ''} - [http_request.py:58 ]
2019-09-05 10:53:24,041 -  test_invest - DEBUG - ç»“æŸæµ‹è¯•:æŠ•èµ„äººæŠ•èµ„ä¸è¾“å…¥é‡‘é¢ - [test_invest.py:64 ]
2019-09-05 10:53:24,041 -  test_invest - DEBUG - å¼€å§‹æµ‹è¯•:æŠ•èµ„äººæŠ•èµ„è¾“å…¥è´Ÿæ•° - [test_invest.py:31 ]
2019-09-05 10:53:24,045 -  common.http_request - DEBUG - è¯·æ±‚çš„æ–¹æ³•:POST - [http_request.py:56 ]
2019-09-05 10:53:24,045 -  common.http_request - DEBUG - è¯·æ±‚çš„URL:http://test.lemonban.com/futureloan/mvc/api/member/bidLoan - [http_request.py:57 ]
2019-09-05 10:53:24,049 -  common.http_request - DEBUG - è¯·æ±‚data:{'memberId': '88538', 'password': '123456', 'loanId': '69545', 'amount': '-100'} - [http_request.py:58 ]
2019-09-05 10:53:24,219 -  test_invest - DEBUG - ç»“æŸæµ‹è¯•:æŠ•èµ„äººæŠ•èµ„è¾“å…¥è´Ÿæ•° - [test_invest.py:64 ]
2019-09-05 10:53:24,219 -  test_invest - DEBUG - æµ‹è¯•åç½®å¤„ç† - [test_invest.py:68 ]
2019-09-05 10:53:24,222 -  test_login - DEBUG - å‡†å¤‡æµ‹è¯•å‰ç½® - [test_login.py:22 ]
2019-09-05 10:53:24,222 -  test_login - DEBUG - å¼€å§‹æµ‹è¯•:æ­£å¸¸ç™»å½• - [test_login.py:28 ]
2019-09-05 10:53:24,223 -  common.http_request - DEBUG - è¯·æ±‚çš„æ–¹æ³•:GET - [http_request.py:56 ]
2019-09-05 10:53:24,224 -  common.http_request - DEBUG - è¯·æ±‚çš„URL:http://test.lemonban.com/futureloan/mvc/api/member/login - [http_request.py:57 ]
2019-09-05 10:53:24,224 -  common.http_request - DEBUG - è¯·æ±‚data:{'mobilephone': '15810447878', 'pwd': '123456'} - [http_request.py:58 ]
2019-09-05 10:53:24,525 -  test_login - DEBUG - ç»“æŸæµ‹è¯•:æ­£å¸¸ç™»å½• - [test_login.py:41 ]
2019-09-05 10:53:24,526 -  test_login - DEBUG - å¼€å§‹æµ‹è¯•:è¾“å…¥é”™è¯¯çš„å¯†ç  - [test_login.py:28 ]
2019-09-05 10:53:24,529 -  common.http_request - DEBUG - è¯·æ±‚çš„æ–¹æ³•:POST - [http_request.py:56 ]
2019-09-05 10:53:24,529 -  common.http_request - DEBUG - è¯·æ±‚çš„URL:http://test.lemonban.com/futureloan/mvc/api/member/login - [http_request.py:57 ]
2019-09-05 10:53:24,529 -  common.http_request - DEBUG - è¯·æ±‚data:{'mobilephone': '15810447878', 'pwd': '098786'} - [http_request.py:58 ]
2019-09-05 10:53:24,704 -  test_login - DEBUG - ç»“æŸæµ‹è¯•:è¾“å…¥é”™è¯¯çš„å¯†ç  - [test_login.py:41 ]
2019-09-05 10:53:24,705 -  test_login - DEBUG - å¼€å§‹æµ‹è¯•:ä¸è¾“å…¥å¯†ç  - [test_login.py:28 ]
2019-09-05 10:53:24,705 -  common.http_request - DEBUG - è¯·æ±‚çš„æ–¹æ³•:GET - [http_request.py:56 ]
2019-09-05 10:53:24,705 -  common.http_request - DEBUG - è¯·æ±‚çš„URL:http://test.lemonban.com/futureloan/mvc/api/member/login - [http_request.py:57 ]
2019-09-05 10:53:24,705 -  common.http_request - DEBUG - è¯·æ±‚data:{'mobilephone': '15810447878', 'pwd': ''} - [http_request.py:58 ]
2019-09-05 10:53:24,853 -  test_login - DEBUG - ç»“æŸæµ‹è¯•:ä¸è¾“å…¥å¯†ç  - [test_login.py:41 ]
2019-09-05 10:53:24,853 -  test_login - DEBUG - å¼€å§‹æµ‹è¯•:ä¸è¾“å…¥æ‰‹æœºå·ç  - [test_login.py:28 ]
2019-09-05 10:53:24,854 -  common.http_request - DEBUG - è¯·æ±‚çš„æ–¹æ³•:POST - [http_request.py:56 ]
2019-09-05 10:53:24,854 -  common.http_request - DEBUG - è¯·æ±‚çš„URL:http://test.lemonban.com/futureloan/mvc/api/member/login - [http_request.py:57 ]
2019-09-05 10:53:24,854 -  common.http_request - DEBUG - è¯·æ±‚data:{'mobilephone': '', 'pwd': '123456'} - [http_request.py:58 ]
2019-09-05 10:53:25,098 -  test_login - DEBUG - ç»“æŸæµ‹è¯•:ä¸è¾“å…¥æ‰‹æœºå·ç  - [test_login.py:41 ]
2019-09-05 10:53:25,098 -  test_login - DEBUG - æµ‹è¯•åç½®å¤„ç† - [test_login.py:46 ]
2019-09-05 10:53:25,102 -  test_recharge - DEBUG - å‡†å¤‡æµ‹è¯•å‰ç½® - [test_recharge.py:22 ]
2019-09-05 10:53:25,104 -  test_recharge - DEBUG - å¼€å§‹æµ‹è¯•:æ­£å¸¸ç™»é™† - [test_recharge.py:27 ]
2019-09-05 10:53:25,108 -  common.http_request - DEBUG - è¯·æ±‚çš„æ–¹æ³•:POST - [http_request.py:56 ]
2019-09-05 10:53:25,108 -  common.http_request - DEBUG - è¯·æ±‚çš„URL:http://test.lemonban.com/futureloan/mvc/api/member/login - [http_request.py:57 ]
2019-09-05 10:53:25,109 -  common.http_request - DEBUG - è¯·æ±‚data:{'mobilephone': '15810447878', 'pwd': '123456'} - [http_request.py:58 ]
2019-09-05 10:53:25,333 -  test_recharge - DEBUG - ç»“æŸæµ‹è¯•:æ­£å¸¸ç™»é™† - [test_recharge.py:40 ]
2019-09-05 10:53:25,337 -  test_recharge - DEBUG - å¼€å§‹æµ‹è¯•:æ­£å¸¸å……å€¼ - [test_recharge.py:27 ]
2019-09-05 10:53:25,338 -  common.http_request - DEBUG - è¯·æ±‚çš„æ–¹æ³•:POST - [http_request.py:56 ]
2019-09-05 10:53:25,338 -  common.http_request - DEBUG - è¯·æ±‚çš„URL:http://test.lemonban.com/futureloan/mvc/api/member/recharge - [http_request.py:57 ]
2019-09-05 10:53:25,338 -  common.http_request - DEBUG - è¯·æ±‚data:{'mobilephone': '15810447878', 'amount': '100'} - [http_request.py:58 ]
2019-09-05 10:53:25,624 -  test_recharge - DEBUG - ç»“æŸæµ‹è¯•:æ­£å¸¸å……å€¼ - [test_recharge.py:40 ]
2019-09-05 10:53:25,624 -  test_recharge - DEBUG - å¼€å§‹æµ‹è¯•:å……å€¼æ‰‹æœºå·ç ä¸å­˜åœ¨ - [test_recharge.py:27 ]
2019-09-05 10:53:25,625 -  common.http_request - DEBUG - è¯·æ±‚çš„æ–¹æ³•:POST - [http_request.py:56 ]
2019-09-05 10:53:25,626 -  common.http_request - DEBUG - è¯·æ±‚çš„URL:http://test.lemonban.com/futureloan/mvc/api/member/recharge - [http_request.py:57 ]
2019-09-05 10:53:25,626 -  common.http_request - DEBUG - è¯·æ±‚data:{'mobilephone': '12345677889', 'amount': '101'} - [http_request.py:58 ]
2019-09-05 10:53:25,860 -  test_recharge - DEBUG - ç»“æŸæµ‹è¯•:å……å€¼æ‰‹æœºå·ç ä¸å­˜åœ¨ - [test_recharge.py:40 ]
2019-09-05 10:53:25,861 -  test_recharge - DEBUG - å¼€å§‹æµ‹è¯•:å……å€¼é‡‘é¢å°æ•°ç‚¹å¤§äºä¸¤ä½ - [test_recharge.py:27 ]
2019-09-05 10:53:25,865 -  common.http_request - DEBUG - è¯·æ±‚çš„æ–¹æ³•:POST - [http_request.py:56 ]
2019-09-05 10:53:25,865 -  common.http_request - DEBUG - è¯·æ±‚çš„URL:http://test.lemonban.com/futureloan/mvc/api/member/recharge - [http_request.py:57 ]
2019-09-05 10:53:25,866 -  common.http_request - DEBUG - è¯·æ±‚data:{'mobilephone': '15810447878', 'amount': '102.223'} - [http_request.py:58 ]
2019-09-05 10:53:26,025 -  test_recharge - DEBUG - ç»“æŸæµ‹è¯•:å……å€¼é‡‘é¢å°æ•°ç‚¹å¤§äºä¸¤ä½ - [test_recharge.py:40 ]
2019-09-05 10:53:26,026 -  test_recharge - DEBUG - å¼€å§‹æµ‹è¯•:è¾“å…¥è´Ÿæ•° - [test_recharge.py:27 ]
2019-09-05 10:53:26,027 -  common.http_request - DEBUG - è¯·æ±‚çš„æ–¹æ³•:POST - [http_request.py:56 ]
2019-09-05 10:53:26,027 -  common.http_request - DEBUG - è¯·æ±‚çš„URL:http://test.lemonban.com/futureloan/mvc/api/member/recharge - [http_request.py:57 ]
2019-09-05 10:53:26,027 -  common.http_request - DEBUG - è¯·æ±‚data:{'mobilephone': '15810447878', 'amount': '-103'} - [http_request.py:58 ]
2019-09-05 10:53:26,290 -  test_recharge - DEBUG - ç»“æŸæµ‹è¯•:è¾“å…¥è´Ÿæ•° - [test_recharge.py:40 ]
2019-09-05 10:53:26,291 -  test_recharge - DEBUG - æµ‹è¯•åç½®å¤„ç† - [test_recharge.py:44 ]
2019-09-05 10:53:26,293 -  test_register - DEBUG - å‡†å¤‡æµ‹è¯•å‰ç½® - [test_register.py:24 ]
2019-09-05 10:53:26,294 -  test_register - DEBUG - å¼€å§‹æµ‹è¯•:æ³¨å†ŒæˆåŠŸ - [test_register.py:29 ]
2019-09-05 10:53:26,404 -  common.http_request - DEBUG - è¯·æ±‚çš„æ–¹æ³•:POST - [http_request.py:56 ]
2019-09-05 10:53:26,406 -  common.http_request - DEBUG - è¯·æ±‚çš„URL:http://test.lemonban.com/futureloan/mvc/api/member/register - [http_request.py:57 ]
2019-09-05 10:53:26,407 -  common.http_request - DEBUG - è¯·æ±‚data:{'mobilephone': '19000000000', 'pwd': '123456'} - [http_request.py:58 ]
2019-09-05 10:53:26,658 -  test_register - ERROR - [0;31mæŠ¥é”™äº†:'{"status":1,"code":"10001","data":null,"msg":"æ³¨å†ŒæˆåŠŸ"}' != '{"status":0,"code":"20109","data":null,"msg":"æ‰‹æœºå·ç æ ¼å¼ä¸æ­£ç¡®"}'
- {"status":1,"code":"10001","data":null,"msg":"æ³¨å†ŒæˆåŠŸ"}
?           ^           ^^^                     ^^^^
+ {"status":0,"code":"20109","data":null,"msg":"æ‰‹æœºå·ç æ ¼å¼ä¸æ­£ç¡®"}
?           ^         ++  ^                     ^^^^^^^^^
[0m - [test_register.py:49 ]
2019-09-05 10:53:26,659 -  test_register - DEBUG - å¼€å§‹æµ‹è¯•:å¯†ç ä¸ºç©ºï¼Œæ³¨å†Œå¤±è´¥ - [test_register.py:29 ]
2019-09-05 10:53:26,659 -  common.http_request - DEBUG - è¯·æ±‚çš„æ–¹æ³•:POST - [http_request.py:56 ]
2019-09-05 10:53:26,659 -  common.http_request - DEBUG - è¯·æ±‚çš„URL:http://test.lemonban.com/futureloan/mvc/api/member/register - [http_request.py:57 ]
2019-09-05 10:53:26,659 -  common.http_request - DEBUG - è¯·æ±‚data:{'mobilephone': '15810447879', 'pwd': ''} - [http_request.py:58 ]
2019-09-05 10:53:26,803 -  test_register - DEBUG - ç»“æŸæµ‹è¯•:å¯†ç ä¸ºç©ºï¼Œæ³¨å†Œå¤±è´¥ - [test_register.py:52 ]
2019-09-05 10:53:26,803 -  test_register - DEBUG - å¼€å§‹æµ‹è¯•:æ‰‹æœºå·ç ä¸ºç©ºï¼Œæ³¨å†Œå¤±è´¥ - [test_register.py:29 ]
2019-09-05 10:53:26,804 -  common.http_request - DEBUG - è¯·æ±‚çš„æ–¹æ³•:POST - [http_request.py:56 ]
2019-09-05 10:53:26,804 -  common.http_request - DEBUG - è¯·æ±‚çš„URL:http://test.lemonban.com/futureloan/mvc/api/member/register - [http_request.py:57 ]
2019-09-05 10:53:26,804 -  common.http_request - DEBUG - è¯·æ±‚data:{'mobilephone': '', 'pwd': '123458'} - [http_request.py:58 ]
2019-09-05 10:53:27,071 -  test_register - DEBUG - ç»“æŸæµ‹è¯•:æ‰‹æœºå·ç ä¸ºç©ºï¼Œæ³¨å†Œå¤±è´¥ - [test_register.py:52 ]
2019-09-05 10:53:27,073 -  test_register - DEBUG - å¼€å§‹æµ‹è¯•:é‡å¤æ³¨å†Œ - [test_register.py:29 ]
2019-09-05 10:53:27,076 -  common.http_request - DEBUG - è¯·æ±‚çš„æ–¹æ³•:POST - [http_request.py:56 ]
2019-09-05 10:53:27,077 -  common.http_request - DEBUG - è¯·æ±‚çš„URL:http://test.lemonban.com/futureloan/mvc/api/member/register - [http_request.py:57 ]
2019-09-05 10:53:27,078 -  common.http_request - DEBUG - è¯·æ±‚data:{'mobilephone': '15810447878', 'pwd': '123459'} - [http_request.py:58 ]
2019-09-05 10:53:27,273 -  test_register - DEBUG - ç»“æŸæµ‹è¯•:é‡å¤æ³¨å†Œ - [test_register.py:52 ]
2019-09-05 10:53:27,273 -  test_register - DEBUG - æµ‹è¯•åç½®å¤„ç† - [test_register.py:56 ]
