2019-09-03 17:09:31,846 -  case - INFO - æµ‹è¯•å¼€å§‹å•¦ - [logger.py:31 ]
2019-09-03 17:09:31,847 -  case - ERROR - æµ‹è¯•æŠ¥é”™ - [logger.py:32 ]
2019-09-03 17:09:31,847 -  case - DEBUG - æµ‹è¯•æ•°æ® - [logger.py:33 ]
2019-09-03 17:09:31,847 -  case - INFO - æµ‹è¯•ç»“æŸ - [logger.py:34 ]
2019-09-03 17:09:46,979 -  __main__ - DEBUG - è¯·æ±‚çš„æ–¹æ³•:POST - [http_request.py:56 ]
2019-09-03 17:09:46,979 -  __main__ - DEBUG - è¯·æ±‚çš„URL:http://test.lemonban.com/futureloan/mvc/apihttp://test.lemonban.com/futureloan/mvc/api/member/login - [http_request.py:57 ]
2019-09-03 17:09:46,980 -  __main__ - DEBUG - è¯·æ±‚data:{'mobilephone': '15810447878', 'pwd': '123456'} - [http_request.py:58 ]
2019-09-03 17:09:47,151 -  __main__ - DEBUG - è¯·æ±‚çš„æ–¹æ³•:POST - [http_request.py:56 ]
2019-09-03 17:09:47,153 -  __main__ - DEBUG - è¯·æ±‚çš„URL:http://test.lemonban.com/futureloan/mvc/apihttp://test.lemonban.com/futureloan/mvc/api/member/recharge - [http_request.py:57 ]
2019-09-03 17:09:47,154 -  __main__ - DEBUG - è¯·æ±‚data:{'mobilephone': '15810447878', 'amount': '1000'} - [http_request.py:58 ]
2019-09-03 17:10:30,952 -  test_login - DEBUG - å‡†å¤‡æµ‹è¯•å‰ç½® - [test_login.py:22 ]
2019-09-03 17:10:30,953 -  test_login - DEBUG - å¼€å§‹æµ‹è¯•:æ­£å¸¸ç™»å½• - [test_login.py:28 ]
2019-09-03 17:10:30,954 -  common.http_request - DEBUG - è¯·æ±‚çš„æ–¹æ³•:GET - [http_request.py:56 ]
2019-09-03 17:10:30,955 -  common.http_request - DEBUG - è¯·æ±‚çš„URL:http://test.lemonban.com/futureloan/mvc/api/member/login - [http_request.py:57 ]
2019-09-03 17:10:30,955 -  common.http_request - DEBUG - è¯·æ±‚data:{'mobilephone': '15810447878', 'pwd': '123456'} - [http_request.py:58 ]
2019-09-03 17:10:31,176 -  test_login - DEBUG - ç»“æŸæµ‹è¯•:æ­£å¸¸ç™»å½• - [test_login.py:41 ]
2019-09-03 17:10:31,177 -  test_login - DEBUG - å¼€å§‹æµ‹è¯•:è¾“å…¥é”™è¯¯çš„å¯†ç  - [test_login.py:28 ]
2019-09-03 17:10:31,178 -  common.http_request - DEBUG - è¯·æ±‚çš„æ–¹æ³•:POST - [http_request.py:56 ]
2019-09-03 17:10:31,178 -  common.http_request - DEBUG - è¯·æ±‚çš„URL:http://test.lemonban.com/futureloan/mvc/api/member/login - [http_request.py:57 ]
2019-09-03 17:10:31,179 -  common.http_request - DEBUG - è¯·æ±‚data:{'mobilephone': '15810447878', 'pwd': '098786'} - [http_request.py:58 ]
2019-09-03 17:10:31,369 -  test_login - DEBUG - ç»“æŸæµ‹è¯•:è¾“å…¥é”™è¯¯çš„å¯†ç  - [test_login.py:41 ]
2019-09-03 17:10:31,370 -  test_login - DEBUG - å¼€å§‹æµ‹è¯•:ä¸è¾“å…¥å¯†ç  - [test_login.py:28 ]
2019-09-03 17:10:31,372 -  common.http_request - DEBUG - è¯·æ±‚çš„æ–¹æ³•:GET - [http_request.py:56 ]
2019-09-03 17:10:31,372 -  common.http_request - DEBUG - è¯·æ±‚çš„URL:http://test.lemonban.com/futureloan/mvc/api/member/login - [http_request.py:57 ]
2019-09-03 17:10:31,372 -  common.http_request - DEBUG - è¯·æ±‚data:{'mobilephone': '15810447878', 'pwd': ''} - [http_request.py:58 ]
2019-09-03 17:10:31,479 -  test_login - DEBUG - ç»“æŸæµ‹è¯•:ä¸è¾“å…¥å¯†ç  - [test_login.py:41 ]
2019-09-03 17:10:31,480 -  test_login - DEBUG - å¼€å§‹æµ‹è¯•:ä¸è¾“å…¥æ‰‹æœºå·ç  - [test_login.py:28 ]
2019-09-03 17:10:31,481 -  common.http_request - DEBUG - è¯·æ±‚çš„æ–¹æ³•:POST - [http_request.py:56 ]
2019-09-03 17:10:31,481 -  common.http_request - DEBUG - è¯·æ±‚çš„URL:http://test.lemonban.com/futureloan/mvc/api/member/login - [http_request.py:57 ]
2019-09-03 17:10:31,481 -  common.http_request - DEBUG - è¯·æ±‚data:{'mobilephone': '', 'pwd': '123456'} - [http_request.py:58 ]
2019-09-03 17:10:31,686 -  test_login - DEBUG - ç»“æŸæµ‹è¯•:ä¸è¾“å…¥æ‰‹æœºå·ç  - [test_login.py:41 ]
2019-09-03 17:10:31,687 -  test_login - DEBUG - æµ‹è¯•åç½®å¤„ç† - [test_login.py:46 ]
2019-09-03 17:33:03,380 -  test_add - DEBUG - å‡†å¤‡æµ‹è¯•å‰ç½® - [test_add.py:22 ]
2019-09-03 17:33:03,935 -  test_add - DEBUG - å¼€å§‹æµ‹è¯•:æ­£å¸¸ç™»å½• - [test_add.py:28 ]
2019-09-03 17:33:03,947 -  common.http_request - DEBUG - è¯·æ±‚çš„æ–¹æ³•:GET - [http_request.py:56 ]
2019-09-03 17:33:03,948 -  common.http_request - DEBUG - è¯·æ±‚çš„URL:http://test.lemonban.com/futureloan/mvc/api/member/login - [http_request.py:57 ]
2019-09-03 17:33:03,949 -  common.http_request - DEBUG - è¯·æ±‚data:{'pwd': '123456', 'mobilephone': '15810447878'} - [http_request.py:58 ]
2019-09-03 17:33:04,509 -  test_add - DEBUG - ç»“æŸæµ‹è¯•:æ­£å¸¸ç™»å½• - [test_add.py:43 ]
2019-09-03 17:33:04,511 -  test_add - DEBUG - å¼€å§‹æµ‹è¯•:åŠ æ ‡ - [test_add.py:28 ]
2019-09-03 17:33:04,514 -  common.http_request - DEBUG - è¯·æ±‚çš„æ–¹æ³•:GET - [http_request.py:56 ]
2019-09-03 17:33:04,514 -  common.http_request - DEBUG - è¯·æ±‚çš„URL:http://test.lemonban.com/futureloan/mvc/api/loan/add - [http_request.py:57 ]
2019-09-03 17:33:04,514 -  common.http_request - DEBUG - è¯·æ±‚data:{'amount': 20000, 'memberId': '1197', 'repaymemtWay': 11, 'title': 'è¯•è¯•äººå“è¡Œä¸è¡Œï¼Œå€Ÿä¸ª2Wç©ç©', 'loanRate': '12.0', 'loanTerm': 3, 'loanDateType': 0, 'biddingDays': 5} - [http_request.py:58 ]
2019-09-03 17:33:04,700 -  test_add - DEBUG - ç»“æŸæµ‹è¯•:åŠ æ ‡ - [test_add.py:43 ]
2019-09-03 17:33:04,700 -  test_add - DEBUG - æµ‹è¯•åç½®å¤„ç† - [test_add.py:47 ]
2019-09-03 17:33:04,701 -  test_invest - DEBUG - å‡†å¤‡æµ‹è¯•å‰ç½® - [test_invest.py:25 ]
2019-09-03 17:33:04,892 -  test_invest - DEBUG - å¼€å§‹æµ‹è¯•:ç®¡ç†å‘˜æ­£å¸¸ç™»å½• - [test_invest.py:31 ]
2019-09-03 17:33:04,902 -  common.http_request - DEBUG - è¯·æ±‚çš„æ–¹æ³•:GET - [http_request.py:56 ]
2019-09-03 17:33:04,902 -  common.http_request - DEBUG - è¯·æ±‚çš„URL:http://test.lemonban.com/futureloan/mvc/api/member/login - [http_request.py:57 ]
2019-09-03 17:33:04,903 -  common.http_request - DEBUG - è¯·æ±‚data:{'pwd': '123456', 'mobilephone': '15814447890'} - [http_request.py:58 ]
2019-09-03 17:33:06,319 -  test_invest - DEBUG - ç»“æŸæµ‹è¯•:ç®¡ç†å‘˜æ­£å¸¸ç™»å½• - [test_invest.py:64 ]
2019-09-03 17:33:06,319 -  test_invest - DEBUG - å¼€å§‹æµ‹è¯•:ç®¡ç†å‘˜åŠ æ ‡ - [test_invest.py:31 ]
2019-09-03 17:33:06,453 -  common.http_request - DEBUG - è¯·æ±‚çš„æ–¹æ³•:GET - [http_request.py:56 ]
2019-09-03 17:33:06,454 -  common.http_request - DEBUG - è¯·æ±‚çš„URL:http://test.lemonban.com/futureloan/mvc/api/loan/add - [http_request.py:57 ]
2019-09-03 17:33:06,455 -  common.http_request - DEBUG - è¯·æ±‚data:{'amount': 20000, 'memberId': '1197', 'repaymemtWay': 11, 'title': 'ä¸–ç•Œè¿™ä¹ˆå¤§ï¼Œæƒ³å»çœ‹ä¸€çœ‹', 'loanRate': '12.0', 'loanTerm': 3, 'loanDateType': 0, 'biddingDays': 5} - [http_request.py:58 ]
2019-09-03 17:33:07,535 -  test_invest - DEBUG - ç»“æŸæµ‹è¯•:ç®¡ç†å‘˜åŠ æ ‡ - [test_invest.py:64 ]
2019-09-03 17:33:07,536 -  test_invest - DEBUG - å¼€å§‹æµ‹è¯•:ç®¡ç†å‘˜å®¡æ ¸ - [test_invest.py:31 ]
2019-09-03 17:33:07,543 -  common.http_request - DEBUG - è¯·æ±‚çš„æ–¹æ³•:POST - [http_request.py:56 ]
2019-09-03 17:33:07,543 -  common.http_request - DEBUG - è¯·æ±‚çš„URL:http://test.lemonban.com/futureloan/mvc/api/loan/audit - [http_request.py:57 ]
2019-09-03 17:33:07,544 -  common.http_request - DEBUG - è¯·æ±‚data:{'status': 4, 'id': '69278'} - [http_request.py:58 ]
2019-09-03 17:33:07,828 -  test_invest - DEBUG - ç»“æŸæµ‹è¯•:ç®¡ç†å‘˜å®¡æ ¸ - [test_invest.py:64 ]
2019-09-03 17:33:07,829 -  test_invest - DEBUG - å¼€å§‹æµ‹è¯•:æŠ•èµ„äººæ­£å¸¸ç™»å½• - [test_invest.py:31 ]
2019-09-03 17:33:07,835 -  common.http_request - DEBUG - è¯·æ±‚çš„æ–¹æ³•:GET - [http_request.py:56 ]
2019-09-03 17:33:07,836 -  common.http_request - DEBUG - è¯·æ±‚çš„URL:http://test.lemonban.com/futureloan/mvc/api/member/login - [http_request.py:57 ]
2019-09-03 17:33:07,836 -  common.http_request - DEBUG - è¯·æ±‚data:{'pwd': '123456', 'mobilephone': '15810447878'} - [http_request.py:58 ]
2019-09-03 17:33:08,067 -  test_invest - DEBUG - ç»“æŸæµ‹è¯•:æŠ•èµ„äººæ­£å¸¸ç™»å½• - [test_invest.py:64 ]
2019-09-03 17:33:08,068 -  test_invest - DEBUG - å¼€å§‹æµ‹è¯•:æŠ•èµ„äººæ­£å¸¸æŠ•èµ„ - [test_invest.py:31 ]
2019-09-03 17:33:08,071 -  common.http_request - DEBUG - è¯·æ±‚çš„æ–¹æ³•:POST - [http_request.py:56 ]
2019-09-03 17:33:08,071 -  common.http_request - DEBUG - è¯·æ±‚çš„URL:http://test.lemonban.com/futureloan/mvc/api/member/bidLoan - [http_request.py:57 ]
2019-09-03 17:33:08,071 -  common.http_request - DEBUG - è¯·æ±‚data:{'amount': '100', 'memberId': '88538', 'password': '123456', 'loanId': '69278'} - [http_request.py:58 ]
2019-09-03 17:33:09,290 -  test_invest - DEBUG - ç»“æŸæµ‹è¯•:æŠ•èµ„äººæ­£å¸¸æŠ•èµ„ - [test_invest.py:64 ]
2019-09-03 17:33:09,291 -  test_invest - DEBUG - å¼€å§‹æµ‹è¯•:æŠ•èµ„äººæŠ•èµ„ä¸è¾“å…¥é‡‘é¢ - [test_invest.py:31 ]
2019-09-03 17:33:09,293 -  common.http_request - DEBUG - è¯·æ±‚çš„æ–¹æ³•:POST - [http_request.py:56 ]
2019-09-03 17:33:09,293 -  common.http_request - DEBUG - è¯·æ±‚çš„URL:http://test.lemonban.com/futureloan/mvc/api/member/bidLoan - [http_request.py:57 ]
2019-09-03 17:33:09,293 -  common.http_request - DEBUG - è¯·æ±‚data:{'amount': '', 'memberId': '88538', 'password': '123456', 'loanId': '69278'} - [http_request.py:58 ]
2019-09-03 17:33:09,447 -  test_invest - DEBUG - ç»“æŸæµ‹è¯•:æŠ•èµ„äººæŠ•èµ„ä¸è¾“å…¥é‡‘é¢ - [test_invest.py:64 ]
2019-09-03 17:33:09,448 -  test_invest - DEBUG - å¼€å§‹æµ‹è¯•:æŠ•èµ„äººæŠ•èµ„è¾“å…¥è´Ÿæ•° - [test_invest.py:31 ]
2019-09-03 17:33:09,451 -  common.http_request - DEBUG - è¯·æ±‚çš„æ–¹æ³•:POST - [http_request.py:56 ]
2019-09-03 17:33:09,451 -  common.http_request - DEBUG - è¯·æ±‚çš„URL:http://test.lemonban.com/futureloan/mvc/api/member/bidLoan - [http_request.py:57 ]
2019-09-03 17:33:09,451 -  common.http_request - DEBUG - è¯·æ±‚data:{'amount': '-100', 'memberId': '88538', 'password': '123456', 'loanId': '69278'} - [http_request.py:58 ]
2019-09-03 17:33:09,598 -  test_invest - DEBUG - ç»“æŸæµ‹è¯•:æŠ•èµ„äººæŠ•èµ„è¾“å…¥è´Ÿæ•° - [test_invest.py:64 ]
2019-09-03 17:33:09,598 -  test_invest - DEBUG - æµ‹è¯•åç½®å¤„ç† - [test_invest.py:68 ]
2019-09-03 17:33:09,598 -  test_login - DEBUG - å‡†å¤‡æµ‹è¯•å‰ç½® - [test_login.py:22 ]
2019-09-03 17:33:09,598 -  test_login - DEBUG - å¼€å§‹æµ‹è¯•:æ­£å¸¸ç™»å½• - [test_login.py:28 ]
2019-09-03 17:33:09,599 -  common.http_request - DEBUG - è¯·æ±‚çš„æ–¹æ³•:GET - [http_request.py:56 ]
2019-09-03 17:33:09,599 -  common.http_request - DEBUG - è¯·æ±‚çš„URL:http://test.lemonban.com/futureloan/mvc/api/member/login - [http_request.py:57 ]
2019-09-03 17:33:09,599 -  common.http_request - DEBUG - è¯·æ±‚data:{'pwd': '123456', 'mobilephone': '15810447878'} - [http_request.py:58 ]
2019-09-03 17:33:09,960 -  test_login - DEBUG - ç»“æŸæµ‹è¯•:æ­£å¸¸ç™»å½• - [test_login.py:41 ]
2019-09-03 17:33:09,961 -  test_login - DEBUG - å¼€å§‹æµ‹è¯•:è¾“å…¥é”™è¯¯çš„å¯†ç  - [test_login.py:28 ]
2019-09-03 17:33:09,963 -  common.http_request - DEBUG - è¯·æ±‚çš„æ–¹æ³•:POST - [http_request.py:56 ]
2019-09-03 17:33:09,963 -  common.http_request - DEBUG - è¯·æ±‚çš„URL:http://test.lemonban.com/futureloan/mvc/api/member/login - [http_request.py:57 ]
2019-09-03 17:33:09,964 -  common.http_request - DEBUG - è¯·æ±‚data:{'pwd': '098786', 'mobilephone': '15810447878'} - [http_request.py:58 ]
2019-09-03 17:33:10,299 -  test_login - DEBUG - ç»“æŸæµ‹è¯•:è¾“å…¥é”™è¯¯çš„å¯†ç  - [test_login.py:41 ]
2019-09-03 17:33:10,299 -  test_login - DEBUG - å¼€å§‹æµ‹è¯•:ä¸è¾“å…¥å¯†ç  - [test_login.py:28 ]
2019-09-03 17:33:10,301 -  common.http_request - DEBUG - è¯·æ±‚çš„æ–¹æ³•:GET - [http_request.py:56 ]
2019-09-03 17:33:10,301 -  common.http_request - DEBUG - è¯·æ±‚çš„URL:http://test.lemonban.com/futureloan/mvc/api/member/login - [http_request.py:57 ]
2019-09-03 17:33:10,302 -  common.http_request - DEBUG - è¯·æ±‚data:{'pwd': '', 'mobilephone': '15810447878'} - [http_request.py:58 ]
2019-09-03 17:33:10,498 -  test_login - DEBUG - ç»“æŸæµ‹è¯•:ä¸è¾“å…¥å¯†ç  - [test_login.py:41 ]
2019-09-03 17:33:10,498 -  test_login - DEBUG - å¼€å§‹æµ‹è¯•:ä¸è¾“å…¥æ‰‹æœºå·ç  - [test_login.py:28 ]
2019-09-03 17:33:10,500 -  common.http_request - DEBUG - è¯·æ±‚çš„æ–¹æ³•:POST - [http_request.py:56 ]
2019-09-03 17:33:10,501 -  common.http_request - DEBUG - è¯·æ±‚çš„URL:http://test.lemonban.com/futureloan/mvc/api/member/login - [http_request.py:57 ]
2019-09-03 17:33:10,501 -  common.http_request - DEBUG - è¯·æ±‚data:{'pwd': '123456', 'mobilephone': ''} - [http_request.py:58 ]
2019-09-03 17:33:10,721 -  test_login - DEBUG - ç»“æŸæµ‹è¯•:ä¸è¾“å…¥æ‰‹æœºå·ç  - [test_login.py:41 ]
2019-09-03 17:33:10,722 -  test_login - DEBUG - æµ‹è¯•åç½®å¤„ç† - [test_login.py:46 ]
2019-09-03 17:33:10,722 -  test_recharge - DEBUG - å‡†å¤‡æµ‹è¯•å‰ç½® - [test_recharge.py:22 ]
2019-09-03 17:33:10,723 -  test_recharge - DEBUG - å¼€å§‹æµ‹è¯•:æ­£å¸¸ç™»é™† - [test_recharge.py:27 ]
2019-09-03 17:33:10,724 -  common.http_request - DEBUG - è¯·æ±‚çš„æ–¹æ³•:POST - [http_request.py:56 ]
2019-09-03 17:33:10,724 -  common.http_request - DEBUG - è¯·æ±‚çš„URL:http://test.lemonban.com/futureloan/mvc/api/member/login - [http_request.py:57 ]
2019-09-03 17:33:10,724 -  common.http_request - DEBUG - è¯·æ±‚data:{'pwd': '123456', 'mobilephone': '15810447878'} - [http_request.py:58 ]
2019-09-03 17:33:11,028 -  test_recharge - DEBUG - ç»“æŸæµ‹è¯•:æ­£å¸¸ç™»é™† - [test_recharge.py:40 ]
2019-09-03 17:33:11,029 -  test_recharge - DEBUG - å¼€å§‹æµ‹è¯•:æ­£å¸¸å……å€¼ - [test_recharge.py:27 ]
2019-09-03 17:33:11,032 -  common.http_request - DEBUG - è¯·æ±‚çš„æ–¹æ³•:POST - [http_request.py:56 ]
2019-09-03 17:33:11,032 -  common.http_request - DEBUG - è¯·æ±‚çš„URL:http://test.lemonban.com/futureloan/mvc/api/member/recharge - [http_request.py:57 ]
2019-09-03 17:33:11,033 -  common.http_request - DEBUG - è¯·æ±‚data:{'amount': '100', 'mobilephone': '15810447878'} - [http_request.py:58 ]
2019-09-03 17:33:13,404 -  test_recharge - DEBUG - ç»“æŸæµ‹è¯•:æ­£å¸¸å……å€¼ - [test_recharge.py:40 ]
2019-09-03 17:33:13,404 -  test_recharge - DEBUG - å¼€å§‹æµ‹è¯•:å……å€¼æ‰‹æœºå·ç ä¸å­˜åœ¨ - [test_recharge.py:27 ]
2019-09-03 17:33:13,405 -  common.http_request - DEBUG - è¯·æ±‚çš„æ–¹æ³•:POST - [http_request.py:56 ]
2019-09-03 17:33:13,406 -  common.http_request - DEBUG - è¯·æ±‚çš„URL:http://test.lemonban.com/futureloan/mvc/api/member/recharge - [http_request.py:57 ]
2019-09-03 17:33:13,406 -  common.http_request - DEBUG - è¯·æ±‚data:{'amount': '101', 'mobilephone': '12345677889'} - [http_request.py:58 ]
2019-09-03 17:33:13,647 -  test_recharge - DEBUG - ç»“æŸæµ‹è¯•:å……å€¼æ‰‹æœºå·ç ä¸å­˜åœ¨ - [test_recharge.py:40 ]
2019-09-03 17:33:13,647 -  test_recharge - DEBUG - å¼€å§‹æµ‹è¯•:å……å€¼é‡‘é¢å°æ•°ç‚¹å¤§äºä¸¤ä½ - [test_recharge.py:27 ]
2019-09-03 17:33:13,648 -  common.http_request - DEBUG - è¯·æ±‚çš„æ–¹æ³•:POST - [http_request.py:56 ]
2019-09-03 17:33:13,648 -  common.http_request - DEBUG - è¯·æ±‚çš„URL:http://test.lemonban.com/futureloan/mvc/api/member/recharge - [http_request.py:57 ]
2019-09-03 17:33:13,649 -  common.http_request - DEBUG - è¯·æ±‚data:{'amount': '102.223', 'mobilephone': '15810447878'} - [http_request.py:58 ]
2019-09-03 17:33:13,821 -  test_recharge - DEBUG - ç»“æŸæµ‹è¯•:å……å€¼é‡‘é¢å°æ•°ç‚¹å¤§äºä¸¤ä½ - [test_recharge.py:40 ]
2019-09-03 17:33:13,822 -  test_recharge - DEBUG - å¼€å§‹æµ‹è¯•:è¾“å…¥è´Ÿæ•° - [test_recharge.py:27 ]
2019-09-03 17:33:13,823 -  common.http_request - DEBUG - è¯·æ±‚çš„æ–¹æ³•:POST - [http_request.py:56 ]
2019-09-03 17:33:13,824 -  common.http_request - DEBUG - è¯·æ±‚çš„URL:http://test.lemonban.com/futureloan/mvc/api/member/recharge - [http_request.py:57 ]
2019-09-03 17:33:13,824 -  common.http_request - DEBUG - è¯·æ±‚data:{'amount': '-103', 'mobilephone': '15810447878'} - [http_request.py:58 ]
2019-09-03 17:33:13,983 -  test_recharge - DEBUG - ç»“æŸæµ‹è¯•:è¾“å…¥è´Ÿæ•° - [test_recharge.py:40 ]
2019-09-03 17:33:13,983 -  test_recharge - DEBUG - æµ‹è¯•åç½®å¤„ç† - [test_recharge.py:44 ]
2019-09-03 17:33:13,983 -  test_register - DEBUG - å‡†å¤‡æµ‹è¯•å‰ç½® - [test_register.py:24 ]
2019-09-03 17:33:13,984 -  test_register - DEBUG - å¼€å§‹æµ‹è¯•:æ³¨å†ŒæˆåŠŸ - [test_register.py:29 ]
2019-09-03 17:33:14,092 -  test_register - DEBUG - å¼€å§‹æµ‹è¯•:å¯†ç ä¸ºç©ºï¼Œæ³¨å†Œå¤±è´¥ - [test_register.py:29 ]
2019-09-03 17:33:14,095 -  common.http_request - DEBUG - è¯·æ±‚çš„æ–¹æ³•:POST - [http_request.py:56 ]
2019-09-03 17:33:14,096 -  common.http_request - DEBUG - è¯·æ±‚çš„URL:http://test.lemonban.com/futureloan/mvc/api/member/register - [http_request.py:57 ]
2019-09-03 17:33:14,097 -  common.http_request - DEBUG - è¯·æ±‚data:{'pwd': '', 'mobilephone': '15810447879'} - [http_request.py:58 ]
2019-09-03 17:33:14,316 -  test_register - DEBUG - ç»“æŸæµ‹è¯•:å¯†ç ä¸ºç©ºï¼Œæ³¨å†Œå¤±è´¥ - [test_register.py:52 ]
2019-09-03 17:33:14,316 -  test_register - DEBUG - å¼€å§‹æµ‹è¯•:æ‰‹æœºå·ç ä¸ºç©ºï¼Œæ³¨å†Œå¤±è´¥ - [test_register.py:29 ]
2019-09-03 17:33:14,318 -  common.http_request - DEBUG - è¯·æ±‚çš„æ–¹æ³•:POST - [http_request.py:56 ]
2019-09-03 17:33:14,318 -  common.http_request - DEBUG - è¯·æ±‚çš„URL:http://test.lemonban.com/futureloan/mvc/api/member/register - [http_request.py:57 ]
2019-09-03 17:33:14,318 -  common.http_request - DEBUG - è¯·æ±‚data:{'pwd': '123458', 'mobilephone': ''} - [http_request.py:58 ]
2019-09-03 17:33:14,534 -  test_register - DEBUG - ç»“æŸæµ‹è¯•:æ‰‹æœºå·ç ä¸ºç©ºï¼Œæ³¨å†Œå¤±è´¥ - [test_register.py:52 ]
2019-09-03 17:33:14,535 -  test_register - DEBUG - å¼€å§‹æµ‹è¯•:é‡å¤æ³¨å†Œ - [test_register.py:29 ]
2019-09-03 17:33:14,538 -  common.http_request - DEBUG - è¯·æ±‚çš„æ–¹æ³•:POST - [http_request.py:56 ]
2019-09-03 17:33:14,539 -  common.http_request - DEBUG - è¯·æ±‚çš„URL:http://test.lemonban.com/futureloan/mvc/api/member/register - [http_request.py:57 ]
2019-09-03 17:33:14,539 -  common.http_request - DEBUG - è¯·æ±‚data:{'pwd': '123459', 'mobilephone': '15810447878'} - [http_request.py:58 ]
2019-09-03 17:33:14,721 -  test_register - DEBUG - ç»“æŸæµ‹è¯•:é‡å¤æ³¨å†Œ - [test_register.py:52 ]
2019-09-03 17:33:14,722 -  test_register - DEBUG - æµ‹è¯•åç½®å¤„ç† - [test_register.py:56 ]
2019-09-03 17:37:56,771 -  test_register - DEBUG - å‡†å¤‡æµ‹è¯•å‰ç½® - [test_register.py:24 ]
2019-09-03 17:37:56,775 -  test_register - DEBUG - å¼€å§‹æµ‹è¯•:æ³¨å†ŒæˆåŠŸ - [test_register.py:29 ]
2019-09-03 17:37:56,889 -  test_register - DEBUG - å¼€å§‹æµ‹è¯•:å¯†ç ä¸ºç©ºï¼Œæ³¨å†Œå¤±è´¥ - [test_register.py:29 ]
2019-09-03 17:37:56,891 -  common.http_request - DEBUG - è¯·æ±‚çš„æ–¹æ³•:POST - [http_request.py:56 ]
2019-09-03 17:37:56,891 -  common.http_request - DEBUG - è¯·æ±‚çš„URL:http://test.lemonban.com/futureloan/mvc/api/member/register - [http_request.py:57 ]
2019-09-03 17:37:56,892 -  common.http_request - DEBUG - è¯·æ±‚data:{'mobilephone': '15810447879', 'pwd': ''} - [http_request.py:58 ]
2019-09-03 17:37:57,031 -  test_register - DEBUG - å¼€å§‹æµ‹è¯•:æ‰‹æœºå·ç ä¸ºç©ºï¼Œæ³¨å†Œå¤±è´¥ - [test_register.py:29 ]
2019-09-03 17:37:57,038 -  common.http_request - DEBUG - è¯·æ±‚çš„æ–¹æ³•:POST - [http_request.py:56 ]
2019-09-03 17:37:57,039 -  common.http_request - DEBUG - è¯·æ±‚çš„URL:http://test.lemonban.com/futureloan/mvc/api/member/register - [http_request.py:57 ]
2019-09-03 17:37:57,039 -  common.http_request - DEBUG - è¯·æ±‚data:{'mobilephone': '', 'pwd': '123458'} - [http_request.py:58 ]
2019-09-03 17:37:57,108 -  test_register - DEBUG - å¼€å§‹æµ‹è¯•:é‡å¤æ³¨å†Œ - [test_register.py:29 ]
2019-09-03 17:37:57,111 -  common.http_request - DEBUG - è¯·æ±‚çš„æ–¹æ³•:POST - [http_request.py:56 ]
2019-09-03 17:37:57,111 -  common.http_request - DEBUG - è¯·æ±‚çš„URL:http://test.lemonban.com/futureloan/mvc/api/member/register - [http_request.py:57 ]
2019-09-03 17:37:57,112 -  common.http_request - DEBUG - è¯·æ±‚data:{'mobilephone': '15810447878', 'pwd': '123459'} - [http_request.py:58 ]
2019-09-03 17:37:57,196 -  test_register - DEBUG - æµ‹è¯•åç½®å¤„ç† - [test_register.py:56 ]
2019-09-03 17:38:07,914 -  test_register - DEBUG - å‡†å¤‡æµ‹è¯•å‰ç½® - [test_register.py:24 ]
2019-09-03 17:38:07,919 -  test_register - DEBUG - å¼€å§‹æµ‹è¯•:æ³¨å†ŒæˆåŠŸ - [test_register.py:29 ]
2019-09-03 17:38:08,041 -  test_register - DEBUG - å¼€å§‹æµ‹è¯•:å¯†ç ä¸ºç©ºï¼Œæ³¨å†Œå¤±è´¥ - [test_register.py:29 ]
2019-09-03 17:38:08,045 -  common.http_request - DEBUG - è¯·æ±‚çš„æ–¹æ³•:POST - [http_request.py:56 ]
2019-09-03 17:38:08,046 -  common.http_request - DEBUG - è¯·æ±‚çš„URL:http://test.lemonban.com/futureloan/mvc/api/member/register - [http_request.py:57 ]
2019-09-03 17:38:08,046 -  common.http_request - DEBUG - è¯·æ±‚data:{'mobilephone': '15810447879', 'pwd': ''} - [http_request.py:58 ]
2019-09-03 17:38:08,321 -  test_register - DEBUG - ç»“æŸæµ‹è¯•:å¯†ç ä¸ºç©ºï¼Œæ³¨å†Œå¤±è´¥ - [test_register.py:52 ]
2019-09-03 17:38:08,322 -  test_register - DEBUG - å¼€å§‹æµ‹è¯•:æ‰‹æœºå·ç ä¸ºç©ºï¼Œæ³¨å†Œå¤±è´¥ - [test_register.py:29 ]
2019-09-03 17:38:08,324 -  common.http_request - DEBUG - è¯·æ±‚çš„æ–¹æ³•:POST - [http_request.py:56 ]
2019-09-03 17:38:08,325 -  common.http_request - DEBUG - è¯·æ±‚çš„URL:http://test.lemonban.com/futureloan/mvc/api/member/register - [http_request.py:57 ]
2019-09-03 17:38:08,325 -  common.http_request - DEBUG - è¯·æ±‚data:{'mobilephone': '', 'pwd': '123458'} - [http_request.py:58 ]
2019-09-03 17:38:08,482 -  test_register - DEBUG - ç»“æŸæµ‹è¯•:æ‰‹æœºå·ç ä¸ºç©ºï¼Œæ³¨å†Œå¤±è´¥ - [test_register.py:52 ]
2019-09-03 17:38:08,483 -  test_register - DEBUG - å¼€å§‹æµ‹è¯•:é‡å¤æ³¨å†Œ - [test_register.py:29 ]
2019-09-03 17:38:08,484 -  common.http_request - DEBUG - è¯·æ±‚çš„æ–¹æ³•:POST - [http_request.py:56 ]
2019-09-03 17:38:08,484 -  common.http_request - DEBUG - è¯·æ±‚çš„URL:http://test.lemonban.com/futureloan/mvc/api/member/register - [http_request.py:57 ]
2019-09-03 17:38:08,484 -  common.http_request - DEBUG - è¯·æ±‚data:{'mobilephone': '15810447878', 'pwd': '123459'} - [http_request.py:58 ]
2019-09-03 17:38:08,716 -  test_register - DEBUG - ç»“æŸæµ‹è¯•:é‡å¤æ³¨å†Œ - [test_register.py:52 ]
2019-09-03 17:38:08,718 -  test_register - DEBUG - æµ‹è¯•åç½®å¤„ç† - [test_register.py:56 ]
2019-09-03 17:40:07,835 -  test_register - DEBUG - å‡†å¤‡æµ‹è¯•å‰ç½® - [test_register.py:24 ]
2019-09-03 17:40:07,838 -  test_register - DEBUG - å¼€å§‹æµ‹è¯•:æ³¨å†ŒæˆåŠŸ - [test_register.py:29 ]
2019-09-03 17:40:07,956 -  common.http_request - DEBUG - è¯·æ±‚çš„æ–¹æ³•:POST - [http_request.py:56 ]
2019-09-03 17:40:07,956 -  common.http_request - DEBUG - è¯·æ±‚çš„URL:http://test.lemonban.com/futureloan/mvc/api/member/register - [http_request.py:57 ]
2019-09-03 17:40:07,958 -  common.http_request - DEBUG - è¯·æ±‚data:{'pwd': '123456', 'mobilephone': '19000000000'} - [http_request.py:58 ]
2019-09-03 17:40:08,100 -  test_register - DEBUG - å¼€å§‹æµ‹è¯•:å¯†ç ä¸ºç©ºï¼Œæ³¨å†Œå¤±è´¥ - [test_register.py:29 ]
2019-09-03 17:40:08,104 -  common.http_request - DEBUG - è¯·æ±‚çš„æ–¹æ³•:POST - [http_request.py:56 ]
2019-09-03 17:40:08,104 -  common.http_request - DEBUG - è¯·æ±‚çš„URL:http://test.lemonban.com/futureloan/mvc/api/member/register - [http_request.py:57 ]
2019-09-03 17:40:08,104 -  common.http_request - DEBUG - è¯·æ±‚data:{'pwd': '', 'mobilephone': '15810447879'} - [http_request.py:58 ]
2019-09-03 17:40:08,170 -  test_register - DEBUG - å¼€å§‹æµ‹è¯•:æ‰‹æœºå·ç ä¸ºç©ºï¼Œæ³¨å†Œå¤±è´¥ - [test_register.py:29 ]
2019-09-03 17:40:08,176 -  common.http_request - DEBUG - è¯·æ±‚çš„æ–¹æ³•:POST - [http_request.py:56 ]
2019-09-03 17:40:08,176 -  common.http_request - DEBUG - è¯·æ±‚çš„URL:http://test.lemonban.com/futureloan/mvc/api/member/register - [http_request.py:57 ]
2019-09-03 17:40:08,178 -  common.http_request - DEBUG - è¯·æ±‚data:{'pwd': '123458', 'mobilephone': ''} - [http_request.py:58 ]
2019-09-03 17:40:08,252 -  test_register - DEBUG - å¼€å§‹æµ‹è¯•:é‡å¤æ³¨å†Œ - [test_register.py:29 ]
2019-09-03 17:40:08,256 -  common.http_request - DEBUG - è¯·æ±‚çš„æ–¹æ³•:POST - [http_request.py:56 ]
2019-09-03 17:40:08,256 -  common.http_request - DEBUG - è¯·æ±‚çš„URL:http://test.lemonban.com/futureloan/mvc/api/member/register - [http_request.py:57 ]
2019-09-03 17:40:08,257 -  common.http_request - DEBUG - è¯·æ±‚data:{'pwd': '123459', 'mobilephone': '15810447878'} - [http_request.py:58 ]
2019-09-03 17:40:08,341 -  test_register - DEBUG - æµ‹è¯•åç½®å¤„ç† - [test_register.py:56 ]
2019-09-03 17:42:13,493 -  test_register - DEBUG - å‡†å¤‡æµ‹è¯•å‰ç½® - [test_register.py:24 ]
2019-09-03 17:42:13,496 -  test_register - DEBUG - å¼€å§‹æµ‹è¯•:æ³¨å†ŒæˆåŠŸ - [test_register.py:29 ]
2019-09-03 17:42:13,609 -  common.http_request - DEBUG - è¯·æ±‚çš„æ–¹æ³•:POST - [http_request.py:56 ]
2019-09-03 17:42:13,609 -  common.http_request - DEBUG - è¯·æ±‚çš„URL:http://test.lemonban.com/futureloan/mvc/api/member/register - [http_request.py:57 ]
2019-09-03 17:42:13,610 -  common.http_request - DEBUG - è¯·æ±‚data:{'pwd': '123456', 'mobilephone': '19000000000'} - [http_request.py:58 ]
2019-09-03 17:42:13,897 -  test_register - ERROR - æŠ¥é”™äº†:'{"status":1,"code":"10001","data":null,"msg":"æ³¨å†ŒæˆåŠŸ"}' != '{"status":0,"code":"20109","data":null,"msg":"æ‰‹æœºå·ç æ ¼å¼ä¸æ­£ç¡®"}'
- {"status":1,"code":"10001","data":null,"msg":"æ³¨å†ŒæˆåŠŸ"}
?           ^           ^^^                     ^^^^
+ {"status":0,"code":"20109","data":null,"msg":"æ‰‹æœºå·ç æ ¼å¼ä¸æ­£ç¡®"}
?           ^         ++  ^                     ^^^^^^^^^
 - [test_register.py:49 ]
2019-09-03 17:42:13,902 -  test_register - DEBUG - å¼€å§‹æµ‹è¯•:å¯†ç ä¸ºç©ºï¼Œæ³¨å†Œå¤±è´¥ - [test_register.py:29 ]
2019-09-03 17:42:13,902 -  common.http_request - DEBUG - è¯·æ±‚çš„æ–¹æ³•:POST - [http_request.py:56 ]
2019-09-03 17:42:13,902 -  common.http_request - DEBUG - è¯·æ±‚çš„URL:http://test.lemonban.com/futureloan/mvc/api/member/register - [http_request.py:57 ]
2019-09-03 17:42:13,902 -  common.http_request - DEBUG - è¯·æ±‚data:{'pwd': '', 'mobilephone': '15810447879'} - [http_request.py:58 ]
2019-09-03 17:42:14,042 -  test_register - DEBUG - ç»“æŸæµ‹è¯•:å¯†ç ä¸ºç©ºï¼Œæ³¨å†Œå¤±è´¥ - [test_register.py:52 ]
2019-09-03 17:42:14,042 -  test_register - DEBUG - å¼€å§‹æµ‹è¯•:æ‰‹æœºå·ç ä¸ºç©ºï¼Œæ³¨å†Œå¤±è´¥ - [test_register.py:29 ]
2019-09-03 17:42:14,043 -  common.http_request - DEBUG - è¯·æ±‚çš„æ–¹æ³•:POST - [http_request.py:56 ]
2019-09-03 17:42:14,043 -  common.http_request - DEBUG - è¯·æ±‚çš„URL:http://test.lemonban.com/futureloan/mvc/api/member/register - [http_request.py:57 ]
2019-09-03 17:42:14,044 -  common.http_request - DEBUG - è¯·æ±‚data:{'pwd': '123458', 'mobilephone': ''} - [http_request.py:58 ]
2019-09-03 17:42:14,185 -  test_register - DEBUG - ç»“æŸæµ‹è¯•:æ‰‹æœºå·ç ä¸ºç©ºï¼Œæ³¨å†Œå¤±è´¥ - [test_register.py:52 ]
2019-09-03 17:42:14,185 -  test_register - DEBUG - å¼€å§‹æµ‹è¯•:é‡å¤æ³¨å†Œ - [test_register.py:29 ]
2019-09-03 17:42:14,185 -  common.http_request - DEBUG - è¯·æ±‚çš„æ–¹æ³•:POST - [http_request.py:56 ]
2019-09-03 17:42:14,185 -  common.http_request - DEBUG - è¯·æ±‚çš„URL:http://test.lemonban.com/futureloan/mvc/api/member/register - [http_request.py:57 ]
2019-09-03 17:42:14,185 -  common.http_request - DEBUG - è¯·æ±‚data:{'pwd': '123459', 'mobilephone': '15810447878'} - [http_request.py:58 ]
2019-09-03 17:42:14,335 -  test_register - DEBUG - ç»“æŸæµ‹è¯•:é‡å¤æ³¨å†Œ - [test_register.py:52 ]
2019-09-03 17:42:14,336 -  test_register - DEBUG - æµ‹è¯•åç½®å¤„ç† - [test_register.py:56 ]
2019-09-03 17:54:24,118 -  test_register - DEBUG - å‡†å¤‡æµ‹è¯•å‰ç½® - [test_register.py:24 ]
2019-09-03 17:54:24,120 -  test_register - DEBUG - å¼€å§‹æµ‹è¯•:æ³¨å†ŒæˆåŠŸ - [test_register.py:29 ]
2019-09-03 17:54:24,237 -  common.http_request - DEBUG - è¯·æ±‚çš„æ–¹æ³•:POST - [http_request.py:56 ]
2019-09-03 17:54:24,238 -  common.http_request - DEBUG - è¯·æ±‚çš„URL:http://test.lemonban.com/futureloan/mvc/api/member/register - [http_request.py:57 ]
2019-09-03 17:54:24,238 -  common.http_request - DEBUG - è¯·æ±‚data:{'pwd': '123456', 'mobilephone': '19000000000'} - [http_request.py:58 ]
2019-09-03 17:54:24,407 -  test_register - ERROR - [0;31mæŠ¥é”™äº†:'{"status":1,"code":"10001","data":null,"msg":"æ³¨å†ŒæˆåŠŸ"}' != '{"status":0,"code":"20109","data":null,"msg":"æ‰‹æœºå·ç æ ¼å¼ä¸æ­£ç¡®"}'
- {"status":1,"code":"10001","data":null,"msg":"æ³¨å†ŒæˆåŠŸ"}
?           ^           ^^^                     ^^^^
+ {"status":0,"code":"20109","data":null,"msg":"æ‰‹æœºå·ç æ ¼å¼ä¸æ­£ç¡®"}
?           ^         ++  ^                     ^^^^^^^^^
[0m - [test_register.py:49 ]
2019-09-03 17:54:24,411 -  test_register - DEBUG - å¼€å§‹æµ‹è¯•:å¯†ç ä¸ºç©ºï¼Œæ³¨å†Œå¤±è´¥ - [test_register.py:29 ]
2019-09-03 17:54:24,411 -  common.http_request - DEBUG - è¯·æ±‚çš„æ–¹æ³•:POST - [http_request.py:56 ]
2019-09-03 17:54:24,411 -  common.http_request - DEBUG - è¯·æ±‚çš„URL:http://test.lemonban.com/futureloan/mvc/api/member/register - [http_request.py:57 ]
2019-09-03 17:54:24,411 -  common.http_request - DEBUG - è¯·æ±‚data:{'pwd': '', 'mobilephone': '15810447879'} - [http_request.py:58 ]
2019-09-03 17:54:24,546 -  test_register - DEBUG - ç»“æŸæµ‹è¯•:å¯†ç ä¸ºç©ºï¼Œæ³¨å†Œå¤±è´¥ - [test_register.py:52 ]
2019-09-03 17:54:24,546 -  test_register - DEBUG - å¼€å§‹æµ‹è¯•:æ‰‹æœºå·ç ä¸ºç©ºï¼Œæ³¨å†Œå¤±è´¥ - [test_register.py:29 ]
2019-09-03 17:54:24,547 -  common.http_request - DEBUG - è¯·æ±‚çš„æ–¹æ³•:POST - [http_request.py:56 ]
2019-09-03 17:54:24,548 -  common.http_request - DEBUG - è¯·æ±‚çš„URL:http://test.lemonban.com/futureloan/mvc/api/member/register - [http_request.py:57 ]
2019-09-03 17:54:24,548 -  common.http_request - DEBUG - è¯·æ±‚data:{'pwd': '123458', 'mobilephone': ''} - [http_request.py:58 ]
2019-09-03 17:54:24,770 -  test_register - DEBUG - ç»“æŸæµ‹è¯•:æ‰‹æœºå·ç ä¸ºç©ºï¼Œæ³¨å†Œå¤±è´¥ - [test_register.py:52 ]
2019-09-03 17:54:24,770 -  test_register - DEBUG - å¼€å§‹æµ‹è¯•:é‡å¤æ³¨å†Œ - [test_register.py:29 ]
2019-09-03 17:54:24,772 -  common.http_request - DEBUG - è¯·æ±‚çš„æ–¹æ³•:POST - [http_request.py:56 ]
2019-09-03 17:54:24,772 -  common.http_request - DEBUG - è¯·æ±‚çš„URL:http://test.lemonban.com/futureloan/mvc/api/member/register - [http_request.py:57 ]
2019-09-03 17:54:24,772 -  common.http_request - DEBUG - è¯·æ±‚data:{'pwd': '123459', 'mobilephone': '15810447878'} - [http_request.py:58 ]
2019-09-03 17:54:24,908 -  test_register - DEBUG - ç»“æŸæµ‹è¯•:é‡å¤æ³¨å†Œ - [test_register.py:52 ]
2019-09-03 17:54:24,908 -  test_register - DEBUG - æµ‹è¯•åç½®å¤„ç† - [test_register.py:56 ]
2019-09-04 14:16:10,151 -  testcases.test_invest - DEBUG - å‡†å¤‡æµ‹è¯•å‰ç½® - [test_invest.py:25 ]
2019-09-04 14:16:10,362 -  testcases.test_invest - DEBUG - å¼€å§‹æµ‹è¯•:ç®¡ç†å‘˜æ­£å¸¸ç™»å½• - [test_invest.py:31 ]
2019-09-04 14:16:10,367 -  common.http_request - DEBUG - è¯·æ±‚çš„æ–¹æ³•:GET - [http_request.py:56 ]
2019-09-04 14:16:10,367 -  common.http_request - DEBUG - è¯·æ±‚çš„URL:http://test.lemonban.com/futureloan/mvc/api/member/login - [http_request.py:57 ]
2019-09-04 14:16:10,367 -  common.http_request - DEBUG - è¯·æ±‚data:{'pwd': '123456', 'mobilephone': '15814447890'} - [http_request.py:58 ]
2019-09-04 14:16:10,616 -  testcases.test_invest - DEBUG - ç»“æŸæµ‹è¯•:ç®¡ç†å‘˜æ­£å¸¸ç™»å½• - [test_invest.py:64 ]
2019-09-04 14:16:10,617 -  testcases.test_invest - DEBUG - å¼€å§‹æµ‹è¯•:ç®¡ç†å‘˜åŠ æ ‡ - [test_invest.py:31 ]
2019-09-04 14:16:10,736 -  common.http_request - DEBUG - è¯·æ±‚çš„æ–¹æ³•:GET - [http_request.py:56 ]
2019-09-04 14:16:10,737 -  common.http_request - DEBUG - è¯·æ±‚çš„URL:http://test.lemonban.com/futureloan/mvc/api/loan/add - [http_request.py:57 ]
2019-09-04 14:16:10,737 -  common.http_request - DEBUG - è¯·æ±‚data:{'memberId': '1197', 'title': 'ä¸–ç•Œè¿™ä¹ˆå¤§ï¼Œæƒ³å»çœ‹ä¸€çœ‹', 'loanDateType': 0, 'loanRate': '12.0', 'biddingDays': 5, 'amount': 20000, 'loanTerm': 3, 'repaymemtWay': 11} - [http_request.py:58 ]
2019-09-04 14:16:11,121 -  testcases.test_invest - DEBUG - ç»“æŸæµ‹è¯•:ç®¡ç†å‘˜åŠ æ ‡ - [test_invest.py:64 ]
2019-09-04 14:16:11,121 -  testcases.test_invest - DEBUG - å¼€å§‹æµ‹è¯•:ç®¡ç†å‘˜å®¡æ ¸ - [test_invest.py:31 ]
2019-09-04 14:16:11,123 -  common.http_request - DEBUG - è¯·æ±‚çš„æ–¹æ³•:POST - [http_request.py:56 ]
2019-09-04 14:16:11,124 -  common.http_request - DEBUG - è¯·æ±‚çš„URL:http://test.lemonban.com/futureloan/mvc/api/loan/audit - [http_request.py:57 ]
2019-09-04 14:16:11,124 -  common.http_request - DEBUG - è¯·æ±‚data:{'id': '69379', 'status': 4} - [http_request.py:58 ]
2019-09-04 14:16:11,294 -  testcases.test_invest - DEBUG - ç»“æŸæµ‹è¯•:ç®¡ç†å‘˜å®¡æ ¸ - [test_invest.py:64 ]
2019-09-04 14:16:11,294 -  testcases.test_invest - DEBUG - å¼€å§‹æµ‹è¯•:æŠ•èµ„äººæ­£å¸¸ç™»å½• - [test_invest.py:31 ]
2019-09-04 14:16:11,298 -  common.http_request - DEBUG - è¯·æ±‚çš„æ–¹æ³•:GET - [http_request.py:56 ]
2019-09-04 14:16:11,298 -  common.http_request - DEBUG - è¯·æ±‚çš„URL:http://test.lemonban.com/futureloan/mvc/api/member/login - [http_request.py:57 ]
2019-09-04 14:16:11,298 -  common.http_request - DEBUG - è¯·æ±‚data:{'pwd': '123456', 'mobilephone': '15810447878'} - [http_request.py:58 ]
2019-09-04 14:16:11,499 -  testcases.test_invest - DEBUG - ç»“æŸæµ‹è¯•:æŠ•èµ„äººæ­£å¸¸ç™»å½• - [test_invest.py:64 ]
2019-09-04 14:16:11,500 -  testcases.test_invest - DEBUG - å¼€å§‹æµ‹è¯•:æŠ•èµ„äººæ­£å¸¸æŠ•èµ„ - [test_invest.py:31 ]
2019-09-04 14:16:11,505 -  common.http_request - DEBUG - è¯·æ±‚çš„æ–¹æ³•:POST - [http_request.py:56 ]
2019-09-04 14:16:11,505 -  common.http_request - DEBUG - è¯·æ±‚çš„URL:http://test.lemonban.com/futureloan/mvc/api/member/bidLoan - [http_request.py:57 ]
2019-09-04 14:16:11,506 -  common.http_request - DEBUG - è¯·æ±‚data:{'memberId': '88538', 'amount': '100', 'loanId': '69379', 'password': '123456'} - [http_request.py:58 ]
2019-09-04 14:16:11,698 -  testcases.test_invest - DEBUG - ç»“æŸæµ‹è¯•:æŠ•èµ„äººæ­£å¸¸æŠ•èµ„ - [test_invest.py:64 ]
2019-09-04 14:16:11,699 -  testcases.test_invest - DEBUG - å¼€å§‹æµ‹è¯•:æŠ•èµ„äººæŠ•èµ„ä¸è¾“å…¥é‡‘é¢ - [test_invest.py:31 ]
2019-09-04 14:16:11,703 -  common.http_request - DEBUG - è¯·æ±‚çš„æ–¹æ³•:POST - [http_request.py:56 ]
2019-09-04 14:16:11,703 -  common.http_request - DEBUG - è¯·æ±‚çš„URL:http://test.lemonban.com/futureloan/mvc/api/member/bidLoan - [http_request.py:57 ]
2019-09-04 14:16:11,704 -  common.http_request - DEBUG - è¯·æ±‚data:{'memberId': '88538', 'amount': '', 'loanId': '69379', 'password': '123456'} - [http_request.py:58 ]
2019-09-04 14:16:11,868 -  testcases.test_invest - DEBUG - ç»“æŸæµ‹è¯•:æŠ•èµ„äººæŠ•èµ„ä¸è¾“å…¥é‡‘é¢ - [test_invest.py:64 ]
2019-09-04 14:16:11,869 -  testcases.test_invest - DEBUG - å¼€å§‹æµ‹è¯•:æŠ•èµ„äººæŠ•èµ„è¾“å…¥è´Ÿæ•° - [test_invest.py:31 ]
2019-09-04 14:16:11,873 -  common.http_request - DEBUG - è¯·æ±‚çš„æ–¹æ³•:POST - [http_request.py:56 ]
2019-09-04 14:16:11,874 -  common.http_request - DEBUG - è¯·æ±‚çš„URL:http://test.lemonban.com/futureloan/mvc/api/member/bidLoan - [http_request.py:57 ]
2019-09-04 14:16:11,874 -  common.http_request - DEBUG - è¯·æ±‚data:{'memberId': '88538', 'amount': '-100', 'loanId': '69379', 'password': '123456'} - [http_request.py:58 ]
2019-09-04 14:16:12,041 -  testcases.test_invest - DEBUG - ç»“æŸæµ‹è¯•:æŠ•èµ„äººæŠ•èµ„è¾“å…¥è´Ÿæ•° - [test_invest.py:64 ]
2019-09-04 14:16:12,042 -  testcases.test_invest - DEBUG - æµ‹è¯•åç½®å¤„ç† - [test_invest.py:68 ]
2019-09-04 14:16:12,042 -  testcases.test_login - DEBUG - å‡†å¤‡æµ‹è¯•å‰ç½® - [test_login.py:22 ]
2019-09-04 14:16:12,043 -  testcases.test_login - DEBUG - å¼€å§‹æµ‹è¯•:æ­£å¸¸ç™»å½• - [test_login.py:28 ]
2019-09-04 14:16:12,044 -  common.http_request - DEBUG - è¯·æ±‚çš„æ–¹æ³•:GET - [http_request.py:56 ]
2019-09-04 14:16:12,045 -  common.http_request - DEBUG - è¯·æ±‚çš„URL:http://test.lemonban.com/futureloan/mvc/api/member/login - [http_request.py:57 ]
2019-09-04 14:16:12,045 -  common.http_request - DEBUG - è¯·æ±‚data:{'pwd': '123456', 'mobilephone': '15810447878'} - [http_request.py:58 ]
2019-09-04 14:16:12,271 -  testcases.test_login - DEBUG - ç»“æŸæµ‹è¯•:æ­£å¸¸ç™»å½• - [test_login.py:41 ]
2019-09-04 14:16:12,271 -  testcases.test_login - DEBUG - å¼€å§‹æµ‹è¯•:è¾“å…¥é”™è¯¯çš„å¯†ç  - [test_login.py:28 ]
2019-09-04 14:16:12,273 -  common.http_request - DEBUG - è¯·æ±‚çš„æ–¹æ³•:POST - [http_request.py:56 ]
2019-09-04 14:16:12,273 -  common.http_request - DEBUG - è¯·æ±‚çš„URL:http://test.lemonban.com/futureloan/mvc/api/member/login - [http_request.py:57 ]
2019-09-04 14:16:12,273 -  common.http_request - DEBUG - è¯·æ±‚data:{'pwd': '098786', 'mobilephone': '15810447878'} - [http_request.py:58 ]
2019-09-04 14:16:12,456 -  testcases.test_login - DEBUG - ç»“æŸæµ‹è¯•:è¾“å…¥é”™è¯¯çš„å¯†ç  - [test_login.py:41 ]
2019-09-04 14:16:12,456 -  testcases.test_login - DEBUG - å¼€å§‹æµ‹è¯•:ä¸è¾“å…¥å¯†ç  - [test_login.py:28 ]
2019-09-04 14:16:12,458 -  common.http_request - DEBUG - è¯·æ±‚çš„æ–¹æ³•:GET - [http_request.py:56 ]
2019-09-04 14:16:12,458 -  common.http_request - DEBUG - è¯·æ±‚çš„URL:http://test.lemonban.com/futureloan/mvc/api/member/login - [http_request.py:57 ]
2019-09-04 14:16:12,458 -  common.http_request - DEBUG - è¯·æ±‚data:{'pwd': '', 'mobilephone': '15810447878'} - [http_request.py:58 ]
2019-09-04 14:16:12,621 -  testcases.test_login - DEBUG - ç»“æŸæµ‹è¯•:ä¸è¾“å…¥å¯†ç  - [test_login.py:41 ]
2019-09-04 14:16:12,621 -  testcases.test_login - DEBUG - å¼€å§‹æµ‹è¯•:ä¸è¾“å…¥æ‰‹æœºå·ç  - [test_login.py:28 ]
2019-09-04 14:16:12,623 -  common.http_request - DEBUG - è¯·æ±‚çš„æ–¹æ³•:POST - [http_request.py:56 ]
2019-09-04 14:16:12,623 -  common.http_request - DEBUG - è¯·æ±‚çš„URL:http://test.lemonban.com/futureloan/mvc/api/member/login - [http_request.py:57 ]
2019-09-04 14:16:12,623 -  common.http_request - DEBUG - è¯·æ±‚data:{'pwd': '123456', 'mobilephone': ''} - [http_request.py:58 ]
2019-09-04 14:16:12,784 -  testcases.test_login - DEBUG - ç»“æŸæµ‹è¯•:ä¸è¾“å…¥æ‰‹æœºå·ç  - [test_login.py:41 ]
2019-09-04 14:16:12,785 -  testcases.test_login - DEBUG - æµ‹è¯•åç½®å¤„ç† - [test_login.py:46 ]
2019-09-04 14:16:12,786 -  testcases.test_register - DEBUG - å‡†å¤‡æµ‹è¯•å‰ç½® - [test_register.py:24 ]
2019-09-04 14:16:12,787 -  testcases.test_register - DEBUG - å¼€å§‹æµ‹è¯•:æ³¨å†ŒæˆåŠŸ - [test_register.py:29 ]
2019-09-04 14:16:12,895 -  common.http_request - DEBUG - è¯·æ±‚çš„æ–¹æ³•:POST - [http_request.py:56 ]
2019-09-04 14:16:12,896 -  common.http_request - DEBUG - è¯·æ±‚çš„URL:http://test.lemonban.com/futureloan/mvc/api/member/register - [http_request.py:57 ]
2019-09-04 14:16:12,896 -  common.http_request - DEBUG - è¯·æ±‚data:{'pwd': '123456', 'mobilephone': '19000000000'} - [http_request.py:58 ]
2019-09-04 14:16:13,106 -  testcases.test_register - ERROR - [0;31mæŠ¥é”™äº†:'{"status":1,"code":"10001","data":null,"msg":"æ³¨å†ŒæˆåŠŸ"}' != '{"status":0,"code":"20109","data":null,"msg":"æ‰‹æœºå·ç æ ¼å¼ä¸æ­£ç¡®"}'
- {"status":1,"code":"10001","data":null,"msg":"æ³¨å†ŒæˆåŠŸ"}
?           ^           ^^^                     ^^^^
+ {"status":0,"code":"20109","data":null,"msg":"æ‰‹æœºå·ç æ ¼å¼ä¸æ­£ç¡®"}
?           ^         ++  ^                     ^^^^^^^^^
[0m - [test_register.py:49 ]
2019-09-04 14:16:13,110 -  testcases.test_register - DEBUG - å¼€å§‹æµ‹è¯•:å¯†ç ä¸ºç©ºï¼Œæ³¨å†Œå¤±è´¥ - [test_register.py:29 ]
2019-09-04 14:16:13,112 -  common.http_request - DEBUG - è¯·æ±‚çš„æ–¹æ³•:POST - [http_request.py:56 ]
2019-09-04 14:16:13,112 -  common.http_request - DEBUG - è¯·æ±‚çš„URL:http://test.lemonban.com/futureloan/mvc/api/member/register - [http_request.py:57 ]
2019-09-04 14:16:13,112 -  common.http_request - DEBUG - è¯·æ±‚data:{'pwd': '', 'mobilephone': '15810447879'} - [http_request.py:58 ]
2019-09-04 14:16:13,276 -  testcases.test_register - DEBUG - ç»“æŸæµ‹è¯•:å¯†ç ä¸ºç©ºï¼Œæ³¨å†Œå¤±è´¥ - [test_register.py:52 ]
2019-09-04 14:16:13,277 -  testcases.test_register - DEBUG - å¼€å§‹æµ‹è¯•:æ‰‹æœºå·ç ä¸ºç©ºï¼Œæ³¨å†Œå¤±è´¥ - [test_register.py:29 ]
2019-09-04 14:16:13,278 -  common.http_request - DEBUG - è¯·æ±‚çš„æ–¹æ³•:POST - [http_request.py:56 ]
2019-09-04 14:16:13,279 -  common.http_request - DEBUG - è¯·æ±‚çš„URL:http://test.lemonban.com/futureloan/mvc/api/member/register - [http_request.py:57 ]
2019-09-04 14:16:13,279 -  common.http_request - DEBUG - è¯·æ±‚data:{'pwd': '123458', 'mobilephone': ''} - [http_request.py:58 ]
2019-09-04 14:16:13,446 -  testcases.test_register - DEBUG - ç»“æŸæµ‹è¯•:æ‰‹æœºå·ç ä¸ºç©ºï¼Œæ³¨å†Œå¤±è´¥ - [test_register.py:52 ]
2019-09-04 14:16:13,447 -  testcases.test_register - DEBUG - å¼€å§‹æµ‹è¯•:é‡å¤æ³¨å†Œ - [test_register.py:29 ]
2019-09-04 14:16:13,448 -  common.http_request - DEBUG - è¯·æ±‚çš„æ–¹æ³•:POST - [http_request.py:56 ]
2019-09-04 14:16:13,448 -  common.http_request - DEBUG - è¯·æ±‚çš„URL:http://test.lemonban.com/futureloan/mvc/api/member/register - [http_request.py:57 ]
2019-09-04 14:16:13,449 -  common.http_request - DEBUG - è¯·æ±‚data:{'pwd': '123459', 'mobilephone': '15810447878'} - [http_request.py:58 ]
2019-09-04 14:16:13,627 -  testcases.test_register - DEBUG - ç»“æŸæµ‹è¯•:é‡å¤æ³¨å†Œ - [test_register.py:52 ]
2019-09-04 14:16:13,628 -  testcases.test_register - DEBUG - æµ‹è¯•åç½®å¤„ç† - [test_register.py:56 ]
2019-09-04 14:16:13,629 -  testcases.test_recharge - DEBUG - å‡†å¤‡æµ‹è¯•å‰ç½® - [test_recharge.py:22 ]
2019-09-04 14:16:13,629 -  testcases.test_recharge - DEBUG - å¼€å§‹æµ‹è¯•:æ­£å¸¸ç™»é™† - [test_recharge.py:27 ]
2019-09-04 14:16:13,631 -  common.http_request - DEBUG - è¯·æ±‚çš„æ–¹æ³•:POST - [http_request.py:56 ]
2019-09-04 14:16:13,631 -  common.http_request - DEBUG - è¯·æ±‚çš„URL:http://test.lemonban.com/futureloan/mvc/api/member/login - [http_request.py:57 ]
2019-09-04 14:16:13,631 -  common.http_request - DEBUG - è¯·æ±‚data:{'pwd': '123456', 'mobilephone': '15810447878'} - [http_request.py:58 ]
2019-09-04 14:16:13,853 -  testcases.test_recharge - DEBUG - ç»“æŸæµ‹è¯•:æ­£å¸¸ç™»é™† - [test_recharge.py:40 ]
2019-09-04 14:16:13,854 -  testcases.test_recharge - DEBUG - å¼€å§‹æµ‹è¯•:æ­£å¸¸å……å€¼ - [test_recharge.py:27 ]
2019-09-04 14:16:13,855 -  common.http_request - DEBUG - è¯·æ±‚çš„æ–¹æ³•:POST - [http_request.py:56 ]
2019-09-04 14:16:13,855 -  common.http_request - DEBUG - è¯·æ±‚çš„URL:http://test.lemonban.com/futureloan/mvc/api/member/recharge - [http_request.py:57 ]
2019-09-04 14:16:13,856 -  common.http_request - DEBUG - è¯·æ±‚data:{'amount': '100', 'mobilephone': '15810447878'} - [http_request.py:58 ]
2019-09-04 14:16:14,101 -  testcases.test_recharge - DEBUG - ç»“æŸæµ‹è¯•:æ­£å¸¸å……å€¼ - [test_recharge.py:40 ]
2019-09-04 14:16:14,101 -  testcases.test_recharge - DEBUG - å¼€å§‹æµ‹è¯•:å……å€¼æ‰‹æœºå·ç ä¸å­˜åœ¨ - [test_recharge.py:27 ]
2019-09-04 14:16:14,103 -  common.http_request - DEBUG - è¯·æ±‚çš„æ–¹æ³•:POST - [http_request.py:56 ]
2019-09-04 14:16:14,103 -  common.http_request - DEBUG - è¯·æ±‚çš„URL:http://test.lemonban.com/futureloan/mvc/api/member/recharge - [http_request.py:57 ]
2019-09-04 14:16:14,103 -  common.http_request - DEBUG - è¯·æ±‚data:{'amount': '101', 'mobilephone': '12345677889'} - [http_request.py:58 ]
2019-09-04 14:16:14,260 -  testcases.test_recharge - DEBUG - ç»“æŸæµ‹è¯•:å……å€¼æ‰‹æœºå·ç ä¸å­˜åœ¨ - [test_recharge.py:40 ]
2019-09-04 14:16:14,261 -  testcases.test_recharge - DEBUG - å¼€å§‹æµ‹è¯•:å……å€¼é‡‘é¢å°æ•°ç‚¹å¤§äºä¸¤ä½ - [test_recharge.py:27 ]
2019-09-04 14:16:14,262 -  common.http_request - DEBUG - è¯·æ±‚çš„æ–¹æ³•:POST - [http_request.py:56 ]
2019-09-04 14:16:14,262 -  common.http_request - DEBUG - è¯·æ±‚çš„URL:http://test.lemonban.com/futureloan/mvc/api/member/recharge - [http_request.py:57 ]
2019-09-04 14:16:14,263 -  common.http_request - DEBUG - è¯·æ±‚data:{'amount': '102.223', 'mobilephone': '15810447878'} - [http_request.py:58 ]
2019-09-04 14:16:14,425 -  testcases.test_recharge - DEBUG - ç»“æŸæµ‹è¯•:å……å€¼é‡‘é¢å°æ•°ç‚¹å¤§äºä¸¤ä½ - [test_recharge.py:40 ]
2019-09-04 14:16:14,425 -  testcases.test_recharge - DEBUG - å¼€å§‹æµ‹è¯•:è¾“å…¥è´Ÿæ•° - [test_recharge.py:27 ]
2019-09-04 14:16:14,427 -  common.http_request - DEBUG - è¯·æ±‚çš„æ–¹æ³•:POST - [http_request.py:56 ]
2019-09-04 14:16:14,427 -  common.http_request - DEBUG - è¯·æ±‚çš„URL:http://test.lemonban.com/futureloan/mvc/api/member/recharge - [http_request.py:57 ]
2019-09-04 14:16:14,427 -  common.http_request - DEBUG - è¯·æ±‚data:{'amount': '-103', 'mobilephone': '15810447878'} - [http_request.py:58 ]
2019-09-04 14:16:14,583 -  testcases.test_recharge - DEBUG - ç»“æŸæµ‹è¯•:è¾“å…¥è´Ÿæ•° - [test_recharge.py:40 ]
2019-09-04 14:16:14,583 -  testcases.test_recharge - DEBUG - æµ‹è¯•åç½®å¤„ç† - [test_recharge.py:44 ]
2019-09-04 14:16:14,584 -  testcases.test_add - INFO - å‡†å¤‡æµ‹è¯•å‰ç½® - [test_add.py:22 ]
2019-09-04 14:16:14,772 -  testcases.test_add - INFO - å¼€å§‹æµ‹è¯•:æ­£å¸¸ç™»å½• - [test_add.py:28 ]
2019-09-04 14:16:14,776 -  common.http_request - DEBUG - è¯·æ±‚çš„æ–¹æ³•:GET - [http_request.py:56 ]
2019-09-04 14:16:14,776 -  common.http_request - DEBUG - è¯·æ±‚çš„URL:http://test.lemonban.com/futureloan/mvc/api/member/login - [http_request.py:57 ]
2019-09-04 14:16:14,776 -  common.http_request - DEBUG - è¯·æ±‚data:{'pwd': '123456', 'mobilephone': '15810447878'} - [http_request.py:58 ]
2019-09-04 14:16:15,000 -  testcases.test_add - INFO - ç»“æŸæµ‹è¯•:æ­£å¸¸ç™»å½• - [test_add.py:43 ]
2019-09-04 14:16:15,000 -  testcases.test_add - INFO - å¼€å§‹æµ‹è¯•:åŠ æ ‡ - [test_add.py:28 ]
2019-09-04 14:16:15,003 -  common.http_request - DEBUG - è¯·æ±‚çš„æ–¹æ³•:GET - [http_request.py:56 ]
2019-09-04 14:16:15,003 -  common.http_request - DEBUG - è¯·æ±‚çš„URL:http://test.lemonban.com/futureloan/mvc/api/loan/add - [http_request.py:57 ]
2019-09-04 14:16:15,003 -  common.http_request - DEBUG - è¯·æ±‚data:{'memberId': '1197', 'title': 'è¯•è¯•äººå“è¡Œä¸è¡Œï¼Œå€Ÿä¸ª2Wç©ç©', 'loanDateType': 0, 'loanRate': '12.0', 'biddingDays': 5, 'amount': 20000, 'loanTerm': 3, 'repaymemtWay': 11} - [http_request.py:58 ]
2019-09-04 14:16:15,169 -  testcases.test_add - INFO - ç»“æŸæµ‹è¯•:åŠ æ ‡ - [test_add.py:43 ]
2019-09-04 14:16:15,170 -  testcases.test_add - INFO - æµ‹è¯•åç½®å¤„ç† - [test_add.py:47 ]
